<?xml version="1.0" encoding="UTF-8"?>
<testsuite name="algoritmen.TaakPloegenIndelingTests" tests="55" skipped="0" failures="0" errors="0" timestamp="2020-04-13T15:11:23" hostname="SurfacePro4ArneDuyver" time="0.51">
  <properties/>
  <testcase name="isEmpty_noElementsList_true" classname="algoritmen.TaakPloegenIndelingTests" time="0.012"/>
  <testcase name="allTeamsInEveryGame_4teams3games1doubles6rounds_false" classname="algoritmen.TaakPloegenIndelingTests" time="0.0"/>
  <testcase name="canPairGoThisRound_SameInRound2_false" classname="algoritmen.TaakPloegenIndelingTests" time="0.0"/>
  <testcase name="getPairs_0_EMPTY" classname="algoritmen.TaakPloegenIndelingTests" time="0.0"/>
  <testcase name="getTeamsFromPair_YlineZ_YandZ" classname="algoritmen.TaakPloegenIndelingTests" time="0.0"/>
  <testcase name="spelverdeling_0Ploegen_throwsException" classname="algoritmen.TaakPloegenIndelingTests" time="0.001"/>
  <testcase name="allTeamsInEveryGame_2teams2games1doubles2rounds_false" classname="algoritmen.TaakPloegenIndelingTests" time="0.0"/>
  <testcase name="isEmpty_notEmptyList3_false" classname="algoritmen.TaakPloegenIndelingTests" time="0.0"/>
  <testcase name="getPairs_6_AllUniqueCombABCDEF" classname="algoritmen.TaakPloegenIndelingTests" time="0.001"/>
  <testcase name="canPairGoThisGame_SameInGame1_false" classname="algoritmen.TaakPloegenIndelingTests" time="0.001"/>
  <testcase name="alreadyPairHere_1_1_false" classname="algoritmen.TaakPloegenIndelingTests" time="0.001"/>
  <testcase name="allTeamsInEveryGame_2teams2games2doubles2rounds_true" classname="algoritmen.TaakPloegenIndelingTests" time="0.003"/>
  <testcase name="getPairs_2_AlineB" classname="algoritmen.TaakPloegenIndelingTests" time="0.0"/>
  <testcase name="spelverdeling_4_3_1_6_NotOptionalEmpty" classname="algoritmen.TaakPloegenIndelingTests" time="0.227"/>
  <testcase name="getPairs_1_InvalidInputException" classname="algoritmen.TaakPloegenIndelingTests" time="0.0"/>
  <testcase name="canPairGoThisRound_NoneInRound_true" classname="algoritmen.TaakPloegenIndelingTests" time="0.001"/>
  <testcase name="allTeamsInEveryGame_2teams1games1doubles1rounds_true" classname="algoritmen.TaakPloegenIndelingTests" time="0.0"/>
  <testcase name="canPairGoThisRound_SameInRound3_false" classname="algoritmen.TaakPloegenIndelingTests" time="0.0"/>
  <testcase name="spelverdeling_2_1_2_1_NotOptionalEmpty" classname="algoritmen.TaakPloegenIndelingTests" time="0.001"/>
  <testcase name="allTeamsInEveryGame_2teams1games1doubles2rounds_true" classname="algoritmen.TaakPloegenIndelingTests" time="0.0"/>
  <testcase name="isEmpty_notEmptyList4_false" classname="algoritmen.TaakPloegenIndelingTests" time="0.0"/>
  <testcase name="getPairs_27_InvalidInputException" classname="algoritmen.TaakPloegenIndelingTests" time="0.0"/>
  <testcase name="canPairGoThisGame_NoneInGame1_true" classname="algoritmen.TaakPloegenIndelingTests" time="0.0"/>
  <testcase name="canPairGoThisGame_NoneInGame2_true" classname="algoritmen.TaakPloegenIndelingTests" time="0.0"/>
  <testcase name="canPairGoThisGame_NoneInGame3_true" classname="algoritmen.TaakPloegenIndelingTests" time="0.0"/>
  <testcase name="spelverdeling_2_1_1_1_NotOptionalEmpty" classname="algoritmen.TaakPloegenIndelingTests" time="0.001"/>
  <testcase name="canPairGoThisGame_SameInGame2_false" classname="algoritmen.TaakPloegenIndelingTests" time="0.0"/>
  <testcase name="alreadyPairHere_2_2_true" classname="algoritmen.TaakPloegenIndelingTests" time="0.0"/>
  <testcase name="getTeamsFromPair_AlineB_AandB" classname="algoritmen.TaakPloegenIndelingTests" time="0.0"/>
  <testcase name="isEmpty_emptyList1_true" classname="algoritmen.TaakPloegenIndelingTests" time="0.0"/>
  <testcase name="isEmpty_emptyList2_true" classname="algoritmen.TaakPloegenIndelingTests" time="0.0"/>
  <testcase name="getTeams_26_ABCDEFGHIJKLMNOPQRSTUVWXYZ" classname="algoritmen.TaakPloegenIndelingTests" time="0.0"/>
  <testcase name="getTeams_1_A" classname="algoritmen.TaakPloegenIndelingTests" time="0.0"/>
  <testcase name="canPairGoThisRound_NoneInRound1_true" classname="algoritmen.TaakPloegenIndelingTests" time="0.0"/>
  <testcase name="getTeams_4_ABCD" classname="algoritmen.TaakPloegenIndelingTests" time="0.0"/>
  <testcase name="canPairGoThisRound_NoneInRound2_true" classname="algoritmen.TaakPloegenIndelingTests" time="0.0"/>
  <testcase name="allTeamsInEveryGame_4teams3games1doubles6rounds_true" classname="algoritmen.TaakPloegenIndelingTests" time="0.0"/>
  <testcase name="getTeams_0_EMPTY" classname="algoritmen.TaakPloegenIndelingTests" time="0.0"/>
  <testcase name="canPairGoThisRound_OtherInRound_true" classname="algoritmen.TaakPloegenIndelingTests" time="0.0"/>
  <testcase name="spelverdeling_2_2_2_2_NotOptionalEmpty" classname="algoritmen.TaakPloegenIndelingTests" time="0.003"/>
  <testcase name="canPairGoThisGame_OtherInGame1_true" classname="algoritmen.TaakPloegenIndelingTests" time="0.0"/>
  <testcase name="canPairGoThisGame_OtherInGame2_true" classname="algoritmen.TaakPloegenIndelingTests" time="0.0"/>
  <testcase name="spelverdeling_neg1rondes_throwsException" classname="algoritmen.TaakPloegenIndelingTests" time="0.0"/>
  <testcase name="spelverdeling_0dubbels_throwsException" classname="algoritmen.TaakPloegenIndelingTests" time="0.001"/>
  <testcase name="spelverdeling_2_2_1_1_OptionalEmpty" classname="algoritmen.TaakPloegenIndelingTests" time="0.0"/>
  <testcase name="canPairGoThisRound_OtherInRound1_true" classname="algoritmen.TaakPloegenIndelingTests" time="0.0"/>
  <testcase name="spelverdeling_4_4_2_6_NotOptionalEmpty" classname="algoritmen.TaakPloegenIndelingTests" time="0.228"/>
  <testcase name="isEmpty_notEmptyList1_false" classname="algoritmen.TaakPloegenIndelingTests" time="0.0"/>
  <testcase name="spelverdeling_0Spelletjes_throwsException" classname="algoritmen.TaakPloegenIndelingTests" time="0.0"/>
  <testcase name="canPairGoThisGame_NoneInGame_true" classname="algoritmen.TaakPloegenIndelingTests" time="0.0"/>
  <testcase name="canPairGoThisRound_SameInRound1_false" classname="algoritmen.TaakPloegenIndelingTests" time="0.0"/>
  <testcase name="spelverdeling_onevenPloegen_throwsException" classname="algoritmen.TaakPloegenIndelingTests" time="0.002"/>
  <testcase name="isEmpty_notEmptyList2_false" classname="algoritmen.TaakPloegenIndelingTests" time="0.0"/>
  <testcase name="alreadyPairHere_2_2_false" classname="algoritmen.TaakPloegenIndelingTests" time="0.0"/>
  <testcase name="alreadyPairHere_1_1_true" classname="algoritmen.TaakPloegenIndelingTests" time="0.001"/>
  <system-out><![CDATA[ 
*****VOLGENDE ITERATIE*****
pairs: [A-B, A-C, A-D, B-C, B-D, C-D] & pairsUsed: []
doubles: [Ljava.lang.String;@2276628 & doublesUsed: []
currentGame: 0 & prevGame: []
currentRound: 0 & prevRound: []
TEMPBOARD: 
         | Game 1 |  Game 2 |  Game 3 |  
_________ ________ _________ _________ 
Round 1  |        |         |         |   
Round 2  |        |         |         |   
Round 3  |        |         |         |   
Round 4  |        |         |         |   
Round 5  |        |         |         |   
Round 6  |        |         |         |   
 
*****VOLGENDE ITERATIE*****
pairs: [A-C, A-D, B-C, B-D, C-D] & pairsUsed: [A-B]
doubles: [Ljava.lang.String;@2276628 & doublesUsed: []
currentGame: 0 & prevGame: [0]
currentRound: 0 & prevRound: [0]
TEMPBOARD: 
         | Game 1 |  Game 2 |  Game 3 |  
_________ ________ _________ _________ 
Round 1  |  A-B   |         |         |   
Round 2  |        |         |         |   
Round 3  |        |         |         |   
Round 4  |        |         |         |   
Round 5  |        |         |         |   
Round 6  |        |         |         |   
 
*****VOLGENDE ITERATIE*****
pairs: [A-C, A-D, B-C, B-D, C-D] & pairsUsed: [A-B]
doubles: [Ljava.lang.String;@2276628 & doublesUsed: []
currentGame: 0 & prevGame: [0]
currentRound: 1 & prevRound: [0]
TEMPBOARD: 
         | Game 1 |  Game 2 |  Game 3 |  
_________ ________ _________ _________ 
Round 1  |  A-B   |         |         |   
Round 2  |        |         |         |   
Round 3  |        |         |         |   
Round 4  |        |         |         |   
Round 5  |        |         |         |   
Round 6  |        |         |         |   
 
*****VOLGENDE ITERATIE*****
pairs: [A-C, A-D, B-C, B-D, C-D] & pairsUsed: [A-B]
doubles: [Ljava.lang.String;@2276628 & doublesUsed: []
currentGame: 0 & prevGame: [0]
currentRound: 2 & prevRound: [0]
TEMPBOARD: 
         | Game 1 |  Game 2 |  Game 3 |  
_________ ________ _________ _________ 
Round 1  |  A-B   |         |         |   
Round 2  |        |         |         |   
Round 3  |        |         |         |   
Round 4  |        |         |         |   
Round 5  |        |         |         |   
Round 6  |        |         |         |   
 
*****VOLGENDE ITERATIE*****
pairs: [A-C, A-D, B-C, B-D, C-D] & pairsUsed: [A-B]
doubles: [Ljava.lang.String;@2276628 & doublesUsed: []
currentGame: 0 & prevGame: [0]
currentRound: 3 & prevRound: [0]
TEMPBOARD: 
         | Game 1 |  Game 2 |  Game 3 |  
_________ ________ _________ _________ 
Round 1  |  A-B   |         |         |   
Round 2  |        |         |         |   
Round 3  |        |         |         |   
Round 4  |        |         |         |   
Round 5  |        |         |         |   
Round 6  |        |         |         |   
 
*****VOLGENDE ITERATIE*****
pairs: [A-C, A-D, B-C, B-D, C-D] & pairsUsed: [A-B]
doubles: [Ljava.lang.String;@2276628 & doublesUsed: []
currentGame: 0 & prevGame: [0]
currentRound: 4 & prevRound: [0]
TEMPBOARD: 
         | Game 1 |  Game 2 |  Game 3 |  
_________ ________ _________ _________ 
Round 1  |  A-B   |         |         |   
Round 2  |        |         |         |   
Round 3  |        |         |         |   
Round 4  |        |         |         |   
Round 5  |        |         |         |   
Round 6  |        |         |         |   
 
*****VOLGENDE ITERATIE*****
pairs: [A-C, A-D, B-C, B-D, C-D] & pairsUsed: [A-B]
doubles: [Ljava.lang.String;@2276628 & doublesUsed: []
currentGame: 0 & prevGame: [0]
currentRound: 5 & prevRound: [0]
TEMPBOARD: 
         | Game 1 |  Game 2 |  Game 3 |  
_________ ________ _________ _________ 
Round 1  |  A-B   |         |         |   
Round 2  |        |         |         |   
Round 3  |        |         |         |   
Round 4  |        |         |         |   
Round 5  |        |         |         |   
Round 6  |        |         |         |   
 
*****VOLGENDE ITERATIE*****
pairs: [A-C, A-D, B-C, B-D, C-D] & pairsUsed: [A-B]
doubles: [Ljava.lang.String;@2276628 & doublesUsed: []
currentGame: 0 & prevGame: [0]
currentRound: 6 & prevRound: [0]
TEMPBOARD: 
         | Game 1 |  Game 2 |  Game 3 |  
_________ ________ _________ _________ 
Round 1  |  A-B   |         |         |   
Round 2  |        |         |         |   
Round 3  |        |         |         |   
Round 4  |        |         |         |   
Round 5  |        |         |         |   
Round 6  |        |         |         |   
 
*****VOLGENDE ITERATIE*****
pairs: [A-C, A-D, B-C, B-D, C-D] & pairsUsed: [A-B]
doubles: [Ljava.lang.String;@2276628 & doublesUsed: []
currentGame: 1 & prevGame: [0]
currentRound: 0 & prevRound: [0]
TEMPBOARD: 
         | Game 1 |  Game 2 |  Game 3 |  
_________ ________ _________ _________ 
Round 1  |  A-B   |         |         |   
Round 2  |        |         |         |   
Round 3  |        |         |         |   
Round 4  |        |         |         |   
Round 5  |        |         |         |   
Round 6  |        |         |         |   
 
*****VOLGENDE ITERATIE*****
pairs: [A-C, A-D, B-C, B-D, C-D] & pairsUsed: [A-B]
doubles: [Ljava.lang.String;@2276628 & doublesUsed: []
currentGame: 1 & prevGame: [0]
currentRound: 1 & prevRound: [0]
TEMPBOARD: 
         | Game 1 |  Game 2 |  Game 3 |  
_________ ________ _________ _________ 
Round 1  |  A-B   |         |         |   
Round 2  |        |         |         |   
Round 3  |        |         |         |   
Round 4  |        |         |         |   
Round 5  |        |         |         |   
Round 6  |        |         |         |   
 
*****VOLGENDE ITERATIE*****
pairs: [A-D, B-C, B-D, C-D] & pairsUsed: [A-B, A-C]
doubles: [Ljava.lang.String;@2276628 & doublesUsed: []
currentGame: 0 & prevGame: [0, 1]
currentRound: 0 & prevRound: [0, 1]
TEMPBOARD: 
         | Game 1 |  Game 2 |  Game 3 |  
_________ ________ _________ _________ 
Round 1  |  A-B   |         |         |   
Round 2  |        |   A-C   |         |   
Round 3  |        |         |         |   
Round 4  |        |         |         |   
Round 5  |        |         |         |   
Round 6  |        |         |         |   
 
*****VOLGENDE ITERATIE*****
pairs: [A-D, B-C, B-D, C-D] & pairsUsed: [A-B, A-C]
doubles: [Ljava.lang.String;@2276628 & doublesUsed: []
currentGame: 0 & prevGame: [0, 1]
currentRound: 1 & prevRound: [0, 1]
TEMPBOARD: 
         | Game 1 |  Game 2 |  Game 3 |  
_________ ________ _________ _________ 
Round 1  |  A-B   |         |         |   
Round 2  |        |   A-C   |         |   
Round 3  |        |         |         |   
Round 4  |        |         |         |   
Round 5  |        |         |         |   
Round 6  |        |         |         |   
 
*****VOLGENDE ITERATIE*****
pairs: [A-D, B-C, B-D, C-D] & pairsUsed: [A-B, A-C]
doubles: [Ljava.lang.String;@2276628 & doublesUsed: []
currentGame: 0 & prevGame: [0, 1]
currentRound: 2 & prevRound: [0, 1]
TEMPBOARD: 
         | Game 1 |  Game 2 |  Game 3 |  
_________ ________ _________ _________ 
Round 1  |  A-B   |         |         |   
Round 2  |        |   A-C   |         |   
Round 3  |        |         |         |   
Round 4  |        |         |         |   
Round 5  |        |         |         |   
Round 6  |        |         |         |   
 
*****VOLGENDE ITERATIE*****
pairs: [A-D, B-C, B-D, C-D] & pairsUsed: [A-B, A-C]
doubles: [Ljava.lang.String;@2276628 & doublesUsed: []
currentGame: 0 & prevGame: [0, 1]
currentRound: 3 & prevRound: [0, 1]
TEMPBOARD: 
         | Game 1 |  Game 2 |  Game 3 |  
_________ ________ _________ _________ 
Round 1  |  A-B   |         |         |   
Round 2  |        |   A-C   |         |   
Round 3  |        |         |         |   
Round 4  |        |         |         |   
Round 5  |        |         |         |   
Round 6  |        |         |         |   
 
*****VOLGENDE ITERATIE*****
pairs: [A-D, B-C, B-D, C-D] & pairsUsed: [A-B, A-C]
doubles: [Ljava.lang.String;@2276628 & doublesUsed: []
currentGame: 0 & prevGame: [0, 1]
currentRound: 4 & prevRound: [0, 1]
TEMPBOARD: 
         | Game 1 |  Game 2 |  Game 3 |  
_________ ________ _________ _________ 
Round 1  |  A-B   |         |         |   
Round 2  |        |   A-C   |         |   
Round 3  |        |         |         |   
Round 4  |        |         |         |   
Round 5  |        |         |         |   
Round 6  |        |         |         |   
 
*****VOLGENDE ITERATIE*****
pairs: [A-D, B-C, B-D, C-D] & pairsUsed: [A-B, A-C]
doubles: [Ljava.lang.String;@2276628 & doublesUsed: []
currentGame: 0 & prevGame: [0, 1]
currentRound: 5 & prevRound: [0, 1]
TEMPBOARD: 
         | Game 1 |  Game 2 |  Game 3 |  
_________ ________ _________ _________ 
Round 1  |  A-B   |         |         |   
Round 2  |        |   A-C   |         |   
Round 3  |        |         |         |   
Round 4  |        |         |         |   
Round 5  |        |         |         |   
Round 6  |        |         |         |   
 
*****VOLGENDE ITERATIE*****
pairs: [A-D, B-C, B-D, C-D] & pairsUsed: [A-B, A-C]
doubles: [Ljava.lang.String;@2276628 & doublesUsed: []
currentGame: 0 & prevGame: [0, 1]
currentRound: 6 & prevRound: [0, 1]
TEMPBOARD: 
         | Game 1 |  Game 2 |  Game 3 |  
_________ ________ _________ _________ 
Round 1  |  A-B   |         |         |   
Round 2  |        |   A-C   |         |   
Round 3  |        |         |         |   
Round 4  |        |         |         |   
Round 5  |        |         |         |   
Round 6  |        |         |         |   
 
*****VOLGENDE ITERATIE*****
pairs: [A-D, B-C, B-D, C-D] & pairsUsed: [A-B, A-C]
doubles: [Ljava.lang.String;@2276628 & doublesUsed: []
currentGame: 1 & prevGame: [0, 1]
currentRound: 0 & prevRound: [0, 1]
TEMPBOARD: 
         | Game 1 |  Game 2 |  Game 3 |  
_________ ________ _________ _________ 
Round 1  |  A-B   |         |         |   
Round 2  |        |   A-C   |         |   
Round 3  |        |         |         |   
Round 4  |        |         |         |   
Round 5  |        |         |         |   
Round 6  |        |         |         |   
 
*****VOLGENDE ITERATIE*****
pairs: [A-D, B-C, B-D, C-D] & pairsUsed: [A-B, A-C]
doubles: [Ljava.lang.String;@2276628 & doublesUsed: []
currentGame: 1 & prevGame: [0, 1]
currentRound: 1 & prevRound: [0, 1]
TEMPBOARD: 
         | Game 1 |  Game 2 |  Game 3 |  
_________ ________ _________ _________ 
Round 1  |  A-B   |         |         |   
Round 2  |        |   A-C   |         |   
Round 3  |        |         |         |   
Round 4  |        |         |         |   
Round 5  |        |         |         |   
Round 6  |        |         |         |   
 
*****VOLGENDE ITERATIE*****
pairs: [A-D, B-C, B-D, C-D] & pairsUsed: [A-B, A-C]
doubles: [Ljava.lang.String;@2276628 & doublesUsed: []
currentGame: 1 & prevGame: [0, 1]
currentRound: 2 & prevRound: [0, 1]
TEMPBOARD: 
         | Game 1 |  Game 2 |  Game 3 |  
_________ ________ _________ _________ 
Round 1  |  A-B   |         |         |   
Round 2  |        |   A-C   |         |   
Round 3  |        |         |         |   
Round 4  |        |         |         |   
Round 5  |        |         |         |   
Round 6  |        |         |         |   
 
*****VOLGENDE ITERATIE*****
pairs: [A-D, B-C, B-D, C-D] & pairsUsed: [A-B, A-C]
doubles: [Ljava.lang.String;@2276628 & doublesUsed: []
currentGame: 1 & prevGame: [0, 1]
currentRound: 3 & prevRound: [0, 1]
TEMPBOARD: 
         | Game 1 |  Game 2 |  Game 3 |  
_________ ________ _________ _________ 
Round 1  |  A-B   |         |         |   
Round 2  |        |   A-C   |         |   
Round 3  |        |         |         |   
Round 4  |        |         |         |   
Round 5  |        |         |         |   
Round 6  |        |         |         |   
 
*****VOLGENDE ITERATIE*****
pairs: [A-D, B-C, B-D, C-D] & pairsUsed: [A-B, A-C]
doubles: [Ljava.lang.String;@2276628 & doublesUsed: []
currentGame: 1 & prevGame: [0, 1]
currentRound: 4 & prevRound: [0, 1]
TEMPBOARD: 
         | Game 1 |  Game 2 |  Game 3 |  
_________ ________ _________ _________ 
Round 1  |  A-B   |         |         |   
Round 2  |        |   A-C   |         |   
Round 3  |        |         |         |   
Round 4  |        |         |         |   
Round 5  |        |         |         |   
Round 6  |        |         |         |   
 
*****VOLGENDE ITERATIE*****
pairs: [A-D, B-C, B-D, C-D] & pairsUsed: [A-B, A-C]
doubles: [Ljava.lang.String;@2276628 & doublesUsed: []
currentGame: 1 & prevGame: [0, 1]
currentRound: 5 & prevRound: [0, 1]
TEMPBOARD: 
         | Game 1 |  Game 2 |  Game 3 |  
_________ ________ _________ _________ 
Round 1  |  A-B   |         |         |   
Round 2  |        |   A-C   |         |   
Round 3  |        |         |         |   
Round 4  |        |         |         |   
Round 5  |        |         |         |   
Round 6  |        |         |         |   
 
*****VOLGENDE ITERATIE*****
pairs: [A-D, B-C, B-D, C-D] & pairsUsed: [A-B, A-C]
doubles: [Ljava.lang.String;@2276628 & doublesUsed: []
currentGame: 1 & prevGame: [0, 1]
currentRound: 6 & prevRound: [0, 1]
TEMPBOARD: 
         | Game 1 |  Game 2 |  Game 3 |  
_________ ________ _________ _________ 
Round 1  |  A-B   |         |         |   
Round 2  |        |   A-C   |         |   
Round 3  |        |         |         |   
Round 4  |        |         |         |   
Round 5  |        |         |         |   
Round 6  |        |         |         |   
 
*****VOLGENDE ITERATIE*****
pairs: [A-D, B-C, B-D, C-D] & pairsUsed: [A-B, A-C]
doubles: [Ljava.lang.String;@2276628 & doublesUsed: []
currentGame: 2 & prevGame: [0, 1]
currentRound: 0 & prevRound: [0, 1]
TEMPBOARD: 
         | Game 1 |  Game 2 |  Game 3 |  
_________ ________ _________ _________ 
Round 1  |  A-B   |         |         |   
Round 2  |        |   A-C   |         |   
Round 3  |        |         |         |   
Round 4  |        |         |         |   
Round 5  |        |         |         |   
Round 6  |        |         |         |   
 
*****VOLGENDE ITERATIE*****
pairs: [A-D, B-C, B-D, C-D] & pairsUsed: [A-B, A-C]
doubles: [Ljava.lang.String;@2276628 & doublesUsed: []
currentGame: 2 & prevGame: [0, 1]
currentRound: 1 & prevRound: [0, 1]
TEMPBOARD: 
         | Game 1 |  Game 2 |  Game 3 |  
_________ ________ _________ _________ 
Round 1  |  A-B   |         |         |   
Round 2  |        |   A-C   |         |   
Round 3  |        |         |         |   
Round 4  |        |         |         |   
Round 5  |        |         |         |   
Round 6  |        |         |         |   
 
*****VOLGENDE ITERATIE*****
pairs: [A-D, B-C, B-D, C-D] & pairsUsed: [A-B, A-C]
doubles: [Ljava.lang.String;@2276628 & doublesUsed: []
currentGame: 2 & prevGame: [0, 1]
currentRound: 2 & prevRound: [0, 1]
TEMPBOARD: 
         | Game 1 |  Game 2 |  Game 3 |  
_________ ________ _________ _________ 
Round 1  |  A-B   |         |         |   
Round 2  |        |   A-C   |         |   
Round 3  |        |         |         |   
Round 4  |        |         |         |   
Round 5  |        |         |         |   
Round 6  |        |         |         |   
 
*****VOLGENDE ITERATIE*****
pairs: [B-C, B-D, C-D] & pairsUsed: [A-B, A-C, A-D]
doubles: [Ljava.lang.String;@2276628 & doublesUsed: []
currentGame: 0 & prevGame: [0, 1, 2]
currentRound: 0 & prevRound: [0, 1, 2]
TEMPBOARD: 
         | Game 1 |  Game 2 |  Game 3 |  
_________ ________ _________ _________ 
Round 1  |  A-B   |         |         |   
Round 2  |        |   A-C   |         |   
Round 3  |        |         |   A-D   |   
Round 4  |        |         |         |   
Round 5  |        |         |         |   
Round 6  |        |         |         |   
 
*****VOLGENDE ITERATIE*****
pairs: [B-C, B-D, C-D] & pairsUsed: [A-B, A-C, A-D]
doubles: [Ljava.lang.String;@2276628 & doublesUsed: []
currentGame: 0 & prevGame: [0, 1, 2]
currentRound: 1 & prevRound: [0, 1, 2]
TEMPBOARD: 
         | Game 1 |  Game 2 |  Game 3 |  
_________ ________ _________ _________ 
Round 1  |  A-B   |         |         |   
Round 2  |        |   A-C   |         |   
Round 3  |        |         |   A-D   |   
Round 4  |        |         |         |   
Round 5  |        |         |         |   
Round 6  |        |         |         |   
 
*****VOLGENDE ITERATIE*****
pairs: [B-C, B-D, C-D] & pairsUsed: [A-B, A-C, A-D]
doubles: [Ljava.lang.String;@2276628 & doublesUsed: []
currentGame: 0 & prevGame: [0, 1, 2]
currentRound: 2 & prevRound: [0, 1, 2]
TEMPBOARD: 
         | Game 1 |  Game 2 |  Game 3 |  
_________ ________ _________ _________ 
Round 1  |  A-B   |         |         |   
Round 2  |        |   A-C   |         |   
Round 3  |        |         |   A-D   |   
Round 4  |        |         |         |   
Round 5  |        |         |         |   
Round 6  |        |         |         |   
 
*****VOLGENDE ITERATIE*****
pairs: [B-C, B-D, C-D] & pairsUsed: [A-B, A-C, A-D]
doubles: [Ljava.lang.String;@2276628 & doublesUsed: []
currentGame: 0 & prevGame: [0, 1, 2]
currentRound: 3 & prevRound: [0, 1, 2]
TEMPBOARD: 
         | Game 1 |  Game 2 |  Game 3 |  
_________ ________ _________ _________ 
Round 1  |  A-B   |         |         |   
Round 2  |        |   A-C   |         |   
Round 3  |        |         |   A-D   |   
Round 4  |        |         |         |   
Round 5  |        |         |         |   
Round 6  |        |         |         |   
 
*****VOLGENDE ITERATIE*****
pairs: [B-C, B-D, C-D] & pairsUsed: [A-B, A-C, A-D]
doubles: [Ljava.lang.String;@2276628 & doublesUsed: []
currentGame: 0 & prevGame: [0, 1, 2]
currentRound: 4 & prevRound: [0, 1, 2]
TEMPBOARD: 
         | Game 1 |  Game 2 |  Game 3 |  
_________ ________ _________ _________ 
Round 1  |  A-B   |         |         |   
Round 2  |        |   A-C   |         |   
Round 3  |        |         |   A-D   |   
Round 4  |        |         |         |   
Round 5  |        |         |         |   
Round 6  |        |         |         |   
 
*****VOLGENDE ITERATIE*****
pairs: [B-C, B-D, C-D] & pairsUsed: [A-B, A-C, A-D]
doubles: [Ljava.lang.String;@2276628 & doublesUsed: []
currentGame: 0 & prevGame: [0, 1, 2]
currentRound: 5 & prevRound: [0, 1, 2]
TEMPBOARD: 
         | Game 1 |  Game 2 |  Game 3 |  
_________ ________ _________ _________ 
Round 1  |  A-B   |         |         |   
Round 2  |        |   A-C   |         |   
Round 3  |        |         |   A-D   |   
Round 4  |        |         |         |   
Round 5  |        |         |         |   
Round 6  |        |         |         |   
 
*****VOLGENDE ITERATIE*****
pairs: [B-C, B-D, C-D] & pairsUsed: [A-B, A-C, A-D]
doubles: [Ljava.lang.String;@2276628 & doublesUsed: []
currentGame: 0 & prevGame: [0, 1, 2]
currentRound: 6 & prevRound: [0, 1, 2]
TEMPBOARD: 
         | Game 1 |  Game 2 |  Game 3 |  
_________ ________ _________ _________ 
Round 1  |  A-B   |         |         |   
Round 2  |        |   A-C   |         |   
Round 3  |        |         |   A-D   |   
Round 4  |        |         |         |   
Round 5  |        |         |         |   
Round 6  |        |         |         |   
 
*****VOLGENDE ITERATIE*****
pairs: [B-C, B-D, C-D] & pairsUsed: [A-B, A-C, A-D]
doubles: [Ljava.lang.String;@2276628 & doublesUsed: []
currentGame: 1 & prevGame: [0, 1, 2]
currentRound: 0 & prevRound: [0, 1, 2]
TEMPBOARD: 
         | Game 1 |  Game 2 |  Game 3 |  
_________ ________ _________ _________ 
Round 1  |  A-B   |         |         |   
Round 2  |        |   A-C   |         |   
Round 3  |        |         |   A-D   |   
Round 4  |        |         |         |   
Round 5  |        |         |         |   
Round 6  |        |         |         |   
 
*****VOLGENDE ITERATIE*****
pairs: [B-C, B-D, C-D] & pairsUsed: [A-B, A-C, A-D]
doubles: [Ljava.lang.String;@2276628 & doublesUsed: []
currentGame: 1 & prevGame: [0, 1, 2]
currentRound: 1 & prevRound: [0, 1, 2]
TEMPBOARD: 
         | Game 1 |  Game 2 |  Game 3 |  
_________ ________ _________ _________ 
Round 1  |  A-B   |         |         |   
Round 2  |        |   A-C   |         |   
Round 3  |        |         |   A-D   |   
Round 4  |        |         |         |   
Round 5  |        |         |         |   
Round 6  |        |         |         |   
 
*****VOLGENDE ITERATIE*****
pairs: [B-C, B-D, C-D] & pairsUsed: [A-B, A-C, A-D]
doubles: [Ljava.lang.String;@2276628 & doublesUsed: []
currentGame: 1 & prevGame: [0, 1, 2]
currentRound: 2 & prevRound: [0, 1, 2]
TEMPBOARD: 
         | Game 1 |  Game 2 |  Game 3 |  
_________ ________ _________ _________ 
Round 1  |  A-B   |         |         |   
Round 2  |        |   A-C   |         |   
Round 3  |        |         |   A-D   |   
Round 4  |        |         |         |   
Round 5  |        |         |         |   
Round 6  |        |         |         |   
 
*****VOLGENDE ITERATIE*****
pairs: [B-C, B-D, C-D] & pairsUsed: [A-B, A-C, A-D]
doubles: [Ljava.lang.String;@2276628 & doublesUsed: []
currentGame: 1 & prevGame: [0, 1, 2]
currentRound: 3 & prevRound: [0, 1, 2]
TEMPBOARD: 
         | Game 1 |  Game 2 |  Game 3 |  
_________ ________ _________ _________ 
Round 1  |  A-B   |         |         |   
Round 2  |        |   A-C   |         |   
Round 3  |        |         |   A-D   |   
Round 4  |        |         |         |   
Round 5  |        |         |         |   
Round 6  |        |         |         |   
 
*****VOLGENDE ITERATIE*****
pairs: [B-C, B-D, C-D] & pairsUsed: [A-B, A-C, A-D]
doubles: [Ljava.lang.String;@2276628 & doublesUsed: []
currentGame: 1 & prevGame: [0, 1, 2]
currentRound: 4 & prevRound: [0, 1, 2]
TEMPBOARD: 
         | Game 1 |  Game 2 |  Game 3 |  
_________ ________ _________ _________ 
Round 1  |  A-B   |         |         |   
Round 2  |        |   A-C   |         |   
Round 3  |        |         |   A-D   |   
Round 4  |        |         |         |   
Round 5  |        |         |         |   
Round 6  |        |         |         |   
 
*****VOLGENDE ITERATIE*****
pairs: [B-C, B-D, C-D] & pairsUsed: [A-B, A-C, A-D]
doubles: [Ljava.lang.String;@2276628 & doublesUsed: []
currentGame: 1 & prevGame: [0, 1, 2]
currentRound: 5 & prevRound: [0, 1, 2]
TEMPBOARD: 
         | Game 1 |  Game 2 |  Game 3 |  
_________ ________ _________ _________ 
Round 1  |  A-B   |         |         |   
Round 2  |        |   A-C   |         |   
Round 3  |        |         |   A-D   |   
Round 4  |        |         |         |   
Round 5  |        |         |         |   
Round 6  |        |         |         |   
 
*****VOLGENDE ITERATIE*****
pairs: [B-C, B-D, C-D] & pairsUsed: [A-B, A-C, A-D]
doubles: [Ljava.lang.String;@2276628 & doublesUsed: []
currentGame: 1 & prevGame: [0, 1, 2]
currentRound: 6 & prevRound: [0, 1, 2]
TEMPBOARD: 
         | Game 1 |  Game 2 |  Game 3 |  
_________ ________ _________ _________ 
Round 1  |  A-B   |         |         |   
Round 2  |        |   A-C   |         |   
Round 3  |        |         |   A-D   |   
Round 4  |        |         |         |   
Round 5  |        |         |         |   
Round 6  |        |         |         |   
 
*****VOLGENDE ITERATIE*****
pairs: [B-C, B-D, C-D] & pairsUsed: [A-B, A-C, A-D]
doubles: [Ljava.lang.String;@2276628 & doublesUsed: []
currentGame: 2 & prevGame: [0, 1, 2]
currentRound: 0 & prevRound: [0, 1, 2]
TEMPBOARD: 
         | Game 1 |  Game 2 |  Game 3 |  
_________ ________ _________ _________ 
Round 1  |  A-B   |         |         |   
Round 2  |        |   A-C   |         |   
Round 3  |        |         |   A-D   |   
Round 4  |        |         |         |   
Round 5  |        |         |         |   
Round 6  |        |         |         |   
 
*****VOLGENDE ITERATIE*****
pairs: [B-C, B-D, C-D] & pairsUsed: [A-B, A-C, A-D]
doubles: [Ljava.lang.String;@2276628 & doublesUsed: []
currentGame: 2 & prevGame: [0, 1, 2]
currentRound: 1 & prevRound: [0, 1, 2]
TEMPBOARD: 
         | Game 1 |  Game 2 |  Game 3 |  
_________ ________ _________ _________ 
Round 1  |  A-B   |         |         |   
Round 2  |        |   A-C   |         |   
Round 3  |        |         |   A-D   |   
Round 4  |        |         |         |   
Round 5  |        |         |         |   
Round 6  |        |         |         |   
 
*****VOLGENDE ITERATIE*****
pairs: [B-C, B-D, C-D] & pairsUsed: [A-B, A-C, A-D]
doubles: [Ljava.lang.String;@2276628 & doublesUsed: []
currentGame: 2 & prevGame: [0, 1, 2]
currentRound: 2 & prevRound: [0, 1, 2]
TEMPBOARD: 
         | Game 1 |  Game 2 |  Game 3 |  
_________ ________ _________ _________ 
Round 1  |  A-B   |         |         |   
Round 2  |        |   A-C   |         |   
Round 3  |        |         |   A-D   |   
Round 4  |        |         |         |   
Round 5  |        |         |         |   
Round 6  |        |         |         |   
 
*****VOLGENDE ITERATIE*****
pairs: [B-C, B-D, C-D] & pairsUsed: [A-B, A-C, A-D]
doubles: [Ljava.lang.String;@2276628 & doublesUsed: []
currentGame: 2 & prevGame: [0, 1, 2]
currentRound: 3 & prevRound: [0, 1, 2]
TEMPBOARD: 
         | Game 1 |  Game 2 |  Game 3 |  
_________ ________ _________ _________ 
Round 1  |  A-B   |         |         |   
Round 2  |        |   A-C   |         |   
Round 3  |        |         |   A-D   |   
Round 4  |        |         |         |   
Round 5  |        |         |         |   
Round 6  |        |         |         |   
 
*****VOLGENDE ITERATIE*****
pairs: [B-D, C-D] & pairsUsed: [A-B, A-C, A-D, B-C]
doubles: [Ljava.lang.String;@2276628 & doublesUsed: []
currentGame: 0 & prevGame: [0, 1, 2, 2]
currentRound: 0 & prevRound: [0, 1, 2, 3]
TEMPBOARD: 
         | Game 1 |  Game 2 |  Game 3 |  
_________ ________ _________ _________ 
Round 1  |  A-B   |         |         |   
Round 2  |        |   A-C   |         |   
Round 3  |        |         |   A-D   |   
Round 4  |        |         |   B-C   |   
Round 5  |        |         |         |   
Round 6  |        |         |         |   
 
*****VOLGENDE ITERATIE*****
pairs: [B-D, C-D] & pairsUsed: [A-B, A-C, A-D, B-C]
doubles: [Ljava.lang.String;@2276628 & doublesUsed: []
currentGame: 0 & prevGame: [0, 1, 2, 2]
currentRound: 1 & prevRound: [0, 1, 2, 3]
TEMPBOARD: 
         | Game 1 |  Game 2 |  Game 3 |  
_________ ________ _________ _________ 
Round 1  |  A-B   |         |         |   
Round 2  |        |   A-C   |         |   
Round 3  |        |         |   A-D   |   
Round 4  |        |         |   B-C   |   
Round 5  |        |         |         |   
Round 6  |        |         |         |   
 
*****VOLGENDE ITERATIE*****
pairs: [B-D, C-D] & pairsUsed: [A-B, A-C, A-D, B-C]
doubles: [Ljava.lang.String;@2276628 & doublesUsed: []
currentGame: 0 & prevGame: [0, 1, 2, 2]
currentRound: 2 & prevRound: [0, 1, 2, 3]
TEMPBOARD: 
         | Game 1 |  Game 2 |  Game 3 |  
_________ ________ _________ _________ 
Round 1  |  A-B   |         |         |   
Round 2  |        |   A-C   |         |   
Round 3  |        |         |   A-D   |   
Round 4  |        |         |   B-C   |   
Round 5  |        |         |         |   
Round 6  |        |         |         |   
 
*****VOLGENDE ITERATIE*****
pairs: [B-D, C-D] & pairsUsed: [A-B, A-C, A-D, B-C]
doubles: [Ljava.lang.String;@2276628 & doublesUsed: []
currentGame: 0 & prevGame: [0, 1, 2, 2]
currentRound: 3 & prevRound: [0, 1, 2, 3]
TEMPBOARD: 
         | Game 1 |  Game 2 |  Game 3 |  
_________ ________ _________ _________ 
Round 1  |  A-B   |         |         |   
Round 2  |        |   A-C   |         |   
Round 3  |        |         |   A-D   |   
Round 4  |        |         |   B-C   |   
Round 5  |        |         |         |   
Round 6  |        |         |         |   
 
*****VOLGENDE ITERATIE*****
pairs: [B-D, C-D] & pairsUsed: [A-B, A-C, A-D, B-C]
doubles: [Ljava.lang.String;@2276628 & doublesUsed: []
currentGame: 0 & prevGame: [0, 1, 2, 2]
currentRound: 4 & prevRound: [0, 1, 2, 3]
TEMPBOARD: 
         | Game 1 |  Game 2 |  Game 3 |  
_________ ________ _________ _________ 
Round 1  |  A-B   |         |         |   
Round 2  |        |   A-C   |         |   
Round 3  |        |         |   A-D   |   
Round 4  |        |         |   B-C   |   
Round 5  |        |         |         |   
Round 6  |        |         |         |   
 
*****VOLGENDE ITERATIE*****
pairs: [B-D, C-D] & pairsUsed: [A-B, A-C, A-D, B-C]
doubles: [Ljava.lang.String;@2276628 & doublesUsed: []
currentGame: 0 & prevGame: [0, 1, 2, 2]
currentRound: 5 & prevRound: [0, 1, 2, 3]
TEMPBOARD: 
         | Game 1 |  Game 2 |  Game 3 |  
_________ ________ _________ _________ 
Round 1  |  A-B   |         |         |   
Round 2  |        |   A-C   |         |   
Round 3  |        |         |   A-D   |   
Round 4  |        |         |   B-C   |   
Round 5  |        |         |         |   
Round 6  |        |         |         |   
 
*****VOLGENDE ITERATIE*****
pairs: [B-D, C-D] & pairsUsed: [A-B, A-C, A-D, B-C]
doubles: [Ljava.lang.String;@2276628 & doublesUsed: []
currentGame: 0 & prevGame: [0, 1, 2, 2]
currentRound: 6 & prevRound: [0, 1, 2, 3]
TEMPBOARD: 
         | Game 1 |  Game 2 |  Game 3 |  
_________ ________ _________ _________ 
Round 1  |  A-B   |         |         |   
Round 2  |        |   A-C   |         |   
Round 3  |        |         |   A-D   |   
Round 4  |        |         |   B-C   |   
Round 5  |        |         |         |   
Round 6  |        |         |         |   
 
*****VOLGENDE ITERATIE*****
pairs: [B-D, C-D] & pairsUsed: [A-B, A-C, A-D, B-C]
doubles: [Ljava.lang.String;@2276628 & doublesUsed: []
currentGame: 1 & prevGame: [0, 1, 2, 2]
currentRound: 0 & prevRound: [0, 1, 2, 3]
TEMPBOARD: 
         | Game 1 |  Game 2 |  Game 3 |  
_________ ________ _________ _________ 
Round 1  |  A-B   |         |         |   
Round 2  |        |   A-C   |         |   
Round 3  |        |         |   A-D   |   
Round 4  |        |         |   B-C   |   
Round 5  |        |         |         |   
Round 6  |        |         |         |   
 
*****VOLGENDE ITERATIE*****
pairs: [B-D, C-D] & pairsUsed: [A-B, A-C, A-D, B-C]
doubles: [Ljava.lang.String;@2276628 & doublesUsed: []
currentGame: 1 & prevGame: [0, 1, 2, 2]
currentRound: 1 & prevRound: [0, 1, 2, 3]
TEMPBOARD: 
         | Game 1 |  Game 2 |  Game 3 |  
_________ ________ _________ _________ 
Round 1  |  A-B   |         |         |   
Round 2  |        |   A-C   |         |   
Round 3  |        |         |   A-D   |   
Round 4  |        |         |   B-C   |   
Round 5  |        |         |         |   
Round 6  |        |         |         |   
 
*****VOLGENDE ITERATIE*****
pairs: [B-D, C-D] & pairsUsed: [A-B, A-C, A-D, B-C]
doubles: [Ljava.lang.String;@2276628 & doublesUsed: []
currentGame: 1 & prevGame: [0, 1, 2, 2]
currentRound: 2 & prevRound: [0, 1, 2, 3]
TEMPBOARD: 
         | Game 1 |  Game 2 |  Game 3 |  
_________ ________ _________ _________ 
Round 1  |  A-B   |         |         |   
Round 2  |        |   A-C   |         |   
Round 3  |        |         |   A-D   |   
Round 4  |        |         |   B-C   |   
Round 5  |        |         |         |   
Round 6  |        |         |         |   
 
*****VOLGENDE ITERATIE*****
pairs: [B-D, C-D] & pairsUsed: [A-B, A-C, A-D, B-C]
doubles: [Ljava.lang.String;@2276628 & doublesUsed: []
currentGame: 1 & prevGame: [0, 1, 2, 2]
currentRound: 3 & prevRound: [0, 1, 2, 3]
TEMPBOARD: 
         | Game 1 |  Game 2 |  Game 3 |  
_________ ________ _________ _________ 
Round 1  |  A-B   |         |         |   
Round 2  |        |   A-C   |         |   
Round 3  |        |         |   A-D   |   
Round 4  |        |         |   B-C   |   
Round 5  |        |         |         |   
Round 6  |        |         |         |   
 
*****VOLGENDE ITERATIE*****
pairs: [B-D, C-D] & pairsUsed: [A-B, A-C, A-D, B-C]
doubles: [Ljava.lang.String;@2276628 & doublesUsed: []
currentGame: 1 & prevGame: [0, 1, 2, 2]
currentRound: 4 & prevRound: [0, 1, 2, 3]
TEMPBOARD: 
         | Game 1 |  Game 2 |  Game 3 |  
_________ ________ _________ _________ 
Round 1  |  A-B   |         |         |   
Round 2  |        |   A-C   |         |   
Round 3  |        |         |   A-D   |   
Round 4  |        |         |   B-C   |   
Round 5  |        |         |         |   
Round 6  |        |         |         |   
 
*****VOLGENDE ITERATIE*****
pairs: [C-D] & pairsUsed: [A-B, A-C, A-D, B-C, B-D]
doubles: [Ljava.lang.String;@2276628 & doublesUsed: []
currentGame: 0 & prevGame: [0, 1, 2, 2, 1]
currentRound: 0 & prevRound: [0, 1, 2, 3, 4]
TEMPBOARD: 
         | Game 1 |  Game 2 |  Game 3 |  
_________ ________ _________ _________ 
Round 1  |  A-B   |         |         |   
Round 2  |        |   A-C   |         |   
Round 3  |        |         |   A-D   |   
Round 4  |        |         |   B-C   |   
Round 5  |        |   B-D   |         |   
Round 6  |        |         |         |   
 
*****VOLGENDE ITERATIE*****
pairs: [C-D] & pairsUsed: [A-B, A-C, A-D, B-C, B-D]
doubles: [Ljava.lang.String;@2276628 & doublesUsed: []
currentGame: 0 & prevGame: [0, 1, 2, 2, 1]
currentRound: 1 & prevRound: [0, 1, 2, 3, 4]
TEMPBOARD: 
         | Game 1 |  Game 2 |  Game 3 |  
_________ ________ _________ _________ 
Round 1  |  A-B   |         |         |   
Round 2  |        |   A-C   |         |   
Round 3  |        |         |   A-D   |   
Round 4  |        |         |   B-C   |   
Round 5  |        |   B-D   |         |   
Round 6  |        |         |         |   
 
*****VOLGENDE ITERATIE*****
pairs: [C-D] & pairsUsed: [A-B, A-C, A-D, B-C, B-D]
doubles: [Ljava.lang.String;@2276628 & doublesUsed: []
currentGame: 0 & prevGame: [0, 1, 2, 2, 1]
currentRound: 2 & prevRound: [0, 1, 2, 3, 4]
TEMPBOARD: 
         | Game 1 |  Game 2 |  Game 3 |  
_________ ________ _________ _________ 
Round 1  |  A-B   |         |         |   
Round 2  |        |   A-C   |         |   
Round 3  |        |         |   A-D   |   
Round 4  |        |         |   B-C   |   
Round 5  |        |   B-D   |         |   
Round 6  |        |         |         |   
 
*****VOLGENDE ITERATIE*****
pairs: [C-D] & pairsUsed: [A-B, A-C, A-D, B-C, B-D]
doubles: [Ljava.lang.String;@2276628 & doublesUsed: []
currentGame: 0 & prevGame: [0, 1, 2, 2, 1]
currentRound: 3 & prevRound: [0, 1, 2, 3, 4]
TEMPBOARD: 
         | Game 1 |  Game 2 |  Game 3 |  
_________ ________ _________ _________ 
Round 1  |  A-B   |         |         |   
Round 2  |        |   A-C   |         |   
Round 3  |        |         |   A-D   |   
Round 4  |        |         |   B-C   |   
Round 5  |        |   B-D   |         |   
Round 6  |        |         |         |   
 
*****VOLGENDE ITERATIE*****
pairs: [C-D] & pairsUsed: [A-B, A-C, A-D, B-C, B-D]
doubles: [Ljava.lang.String;@2276628 & doublesUsed: []
currentGame: 0 & prevGame: [0, 1, 2, 2, 1]
currentRound: 4 & prevRound: [0, 1, 2, 3, 4]
TEMPBOARD: 
         | Game 1 |  Game 2 |  Game 3 |  
_________ ________ _________ _________ 
Round 1  |  A-B   |         |         |   
Round 2  |        |   A-C   |         |   
Round 3  |        |         |   A-D   |   
Round 4  |        |         |   B-C   |   
Round 5  |        |   B-D   |         |   
Round 6  |        |         |         |   
 
*****VOLGENDE ITERATIE*****
pairs: [C-D] & pairsUsed: [A-B, A-C, A-D, B-C, B-D]
doubles: [Ljava.lang.String;@2276628 & doublesUsed: []
currentGame: 0 & prevGame: [0, 1, 2, 2, 1]
currentRound: 5 & prevRound: [0, 1, 2, 3, 4]
TEMPBOARD: 
         | Game 1 |  Game 2 |  Game 3 |  
_________ ________ _________ _________ 
Round 1  |  A-B   |         |         |   
Round 2  |        |   A-C   |         |   
Round 3  |        |         |   A-D   |   
Round 4  |        |         |   B-C   |   
Round 5  |        |   B-D   |         |   
Round 6  |        |         |         |   
 
*****VOLGENDE ITERATIE*****
pairs: [] & pairsUsed: [A-B, A-C, A-D, B-C, B-D, C-D]
doubles: [Ljava.lang.String;@2276628 & doublesUsed: []
currentGame: 0 & prevGame: [0, 1, 2, 2, 1, 0]
currentRound: 0 & prevRound: [0, 1, 2, 3, 4, 5]
TEMPBOARD: 
         | Game 1 |  Game 2 |  Game 3 |  
_________ ________ _________ _________ 
Round 1  |  A-B   |         |         |   
Round 2  |        |   A-C   |         |   
Round 3  |        |         |   A-D   |   
Round 4  |        |         |   B-C   |   
Round 5  |        |   B-D   |         |   
Round 6  |  C-D   |         |         |   
 
*****VOLGENDE ITERATIE*****
pairs: [A-B] & pairsUsed: []
doubles: [Ljava.lang.String;@409ab547 & doublesUsed: []
currentGame: 0 & prevGame: []
currentRound: 0 & prevRound: []
TEMPBOARD: 
         | Game 1 |  
_________ ________ 
Round 1  |        |   
 
*****VOLGENDE ITERATIE*****
pairs: [] & pairsUsed: [A-B]
doubles: [Ljava.lang.String;@409ab547 & doublesUsed: []
currentGame: 0 & prevGame: [0]
currentRound: 0 & prevRound: [0]
TEMPBOARD: 
         | Game 1 |  
_________ ________ 
Round 1  |  A-B   |   
 
*****VOLGENDE ITERATIE*****
pairs: [A-B] & pairsUsed: []
doubles: [Ljava.lang.String;@431d811f & doublesUsed: []
currentGame: 0 & prevGame: []
currentRound: 0 & prevRound: []
TEMPBOARD: 
         | Game 1 |  
_________ ________ 
Round 1  |        |   
 
*****VOLGENDE ITERATIE*****
pairs: [] & pairsUsed: [A-B]
doubles: [Ljava.lang.String;@431d811f & doublesUsed: []
currentGame: 0 & prevGame: [0]
currentRound: 0 & prevRound: [0]
TEMPBOARD: 
         | Game 1 |  
_________ ________ 
Round 1  |  A-B   |   
 
*****VOLGENDE ITERATIE*****
pairs: [A-B] & pairsUsed: []
doubles: [Ljava.lang.String;@f7a0467 & doublesUsed: []
currentGame: 0 & prevGame: []
currentRound: 0 & prevRound: []
TEMPBOARD: 
         | Game 1 |  Game 2 |  
_________ ________ _________ 
Round 1  |        |         |   
Round 2  |        |         |   
 
*****VOLGENDE ITERATIE*****
pairs: [] & pairsUsed: [A-B]
doubles: [Ljava.lang.String;@f7a0467 & doublesUsed: []
currentGame: 0 & prevGame: [0]
currentRound: 0 & prevRound: [0]
TEMPBOARD: 
         | Game 1 |  Game 2 |  
_________ ________ _________ 
Round 1  |  A-B   |         |   
Round 2  |        |         |   
 
*****VOLGENDE ITERATIE*****
pairs: [] & pairsUsed: [A-B]
doubles: [Ljava.lang.String;@f7a0467 & doublesUsed: []
currentGame: 0 & prevGame: [0]
currentRound: 0 & prevRound: [0]
TEMPBOARD: 
         | Game 1 |  Game 2 |  
_________ ________ _________ 
Round 1  |  A-B   |         |   
Round 2  |        |         |   
 
*****VOLGENDE ITERATIE*****
pairs: [] & pairsUsed: [A-B]
doubles: [Ljava.lang.String;@f7a0467 & doublesUsed: []
currentGame: 0 & prevGame: [0]
currentRound: 1 & prevRound: [0]
TEMPBOARD: 
         | Game 1 |  Game 2 |  
_________ ________ _________ 
Round 1  |  A-B   |         |   
Round 2  |        |         |   
 
*****VOLGENDE ITERATIE*****
pairs: [] & pairsUsed: [A-B]
doubles: [Ljava.lang.String;@f7a0467 & doublesUsed: []
currentGame: 0 & prevGame: [0]
currentRound: 1 & prevRound: [0]
TEMPBOARD: 
         | Game 1 |  Game 2 |  
_________ ________ _________ 
Round 1  |  A-B   |         |   
Round 2  |        |         |   
 
*****VOLGENDE ITERATIE*****
pairs: [] & pairsUsed: [A-B]
doubles: [Ljava.lang.String;@f7a0467 & doublesUsed: []
currentGame: 0 & prevGame: [0]
currentRound: 2 & prevRound: [0]
TEMPBOARD: 
         | Game 1 |  Game 2 |  
_________ ________ _________ 
Round 1  |  A-B   |         |   
Round 2  |        |         |   
 
*****VOLGENDE ITERATIE*****
pairs: [] & pairsUsed: [A-B]
doubles: [Ljava.lang.String;@f7a0467 & doublesUsed: []
currentGame: 1 & prevGame: [0]
currentRound: 0 & prevRound: [0]
TEMPBOARD: 
         | Game 1 |  Game 2 |  
_________ ________ _________ 
Round 1  |  A-B   |         |   
Round 2  |        |         |   
 
*****VOLGENDE ITERATIE*****
pairs: [] & pairsUsed: [A-B]
doubles: [Ljava.lang.String;@f7a0467 & doublesUsed: []
currentGame: 1 & prevGame: [0]
currentRound: 0 & prevRound: [0]
TEMPBOARD: 
         | Game 1 |  Game 2 |  
_________ ________ _________ 
Round 1  |  A-B   |         |   
Round 2  |        |         |   
 
*****VOLGENDE ITERATIE*****
pairs: [] & pairsUsed: [A-B]
doubles: [Ljava.lang.String;@f7a0467 & doublesUsed: []
currentGame: 1 & prevGame: [0]
currentRound: 1 & prevRound: [0]
TEMPBOARD: 
         | Game 1 |  Game 2 |  
_________ ________ _________ 
Round 1  |  A-B   |         |   
Round 2  |        |         |   
 
*****VOLGENDE ITERATIE*****
pairs: [] & pairsUsed: [A-B]
doubles: [Ljava.lang.String;@f7a0467 & doublesUsed: [A-B]
currentGame: 0 & prevGame: [0, 1]
currentRound: 0 & prevRound: [0, 1]
TEMPBOARD: 
         | Game 1 |  Game 2 |  
_________ ________ _________ 
Round 1  |  A-B   |         |   
Round 2  |        |   A-B   |   
 
*****VOLGENDE ITERATIE*****
pairs: [A-B] & pairsUsed: []
doubles: [Ljava.lang.String;@3686a88 & doublesUsed: []
currentGame: 0 & prevGame: []
currentRound: 0 & prevRound: []
TEMPBOARD: 
         | Game 1 |  Game 2 |  
_________ ________ _________ 
Round 1  |        |         |   
 
*****VOLGENDE ITERATIE*****
pairs: [] & pairsUsed: [A-B]
doubles: [Ljava.lang.String;@3686a88 & doublesUsed: []
currentGame: 0 & prevGame: [0]
currentRound: 0 & prevRound: [0]
TEMPBOARD: 
         | Game 1 |  Game 2 |  
_________ ________ _________ 
Round 1  |  A-B   |         |   
 
*****VOLGENDE ITERATIE*****
pairs: [A-B, A-C, A-D, B-C, B-D, C-D] & pairsUsed: []
doubles: [Ljava.lang.String;@16cdd72f & doublesUsed: []
currentGame: 0 & prevGame: []
currentRound: 0 & prevRound: []
TEMPBOARD: 
         | Game 1 |  Game 2 |  Game 3 |  Game 4 |  
_________ ________ _________ _________ _________ 
Round 1  |        |         |         |         |   
Round 2  |        |         |         |         |   
Round 3  |        |         |         |         |   
Round 4  |        |         |         |         |   
Round 5  |        |         |         |         |   
Round 6  |        |         |         |         |   
 
*****VOLGENDE ITERATIE*****
pairs: [A-C, A-D, B-C, B-D, C-D] & pairsUsed: [A-B]
doubles: [Ljava.lang.String;@16cdd72f & doublesUsed: []
currentGame: 0 & prevGame: [0]
currentRound: 0 & prevRound: [0]
TEMPBOARD: 
         | Game 1 |  Game 2 |  Game 3 |  Game 4 |  
_________ ________ _________ _________ _________ 
Round 1  |  A-B   |         |         |         |   
Round 2  |        |         |         |         |   
Round 3  |        |         |         |         |   
Round 4  |        |         |         |         |   
Round 5  |        |         |         |         |   
Round 6  |        |         |         |         |   
 
*****VOLGENDE ITERATIE*****
pairs: [A-C, A-D, B-C, B-D, C-D] & pairsUsed: [A-B]
doubles: [Ljava.lang.String;@16cdd72f & doublesUsed: []
currentGame: 0 & prevGame: [0]
currentRound: 1 & prevRound: [0]
TEMPBOARD: 
         | Game 1 |  Game 2 |  Game 3 |  Game 4 |  
_________ ________ _________ _________ _________ 
Round 1  |  A-B   |         |         |         |   
Round 2  |        |         |         |         |   
Round 3  |        |         |         |         |   
Round 4  |        |         |         |         |   
Round 5  |        |         |         |         |   
Round 6  |        |         |         |         |   
 
*****VOLGENDE ITERATIE*****
pairs: [A-C, A-D, B-C, B-D, C-D] & pairsUsed: [A-B]
doubles: [Ljava.lang.String;@16cdd72f & doublesUsed: []
currentGame: 0 & prevGame: [0]
currentRound: 2 & prevRound: [0]
TEMPBOARD: 
         | Game 1 |  Game 2 |  Game 3 |  Game 4 |  
_________ ________ _________ _________ _________ 
Round 1  |  A-B   |         |         |         |   
Round 2  |        |         |         |         |   
Round 3  |        |         |         |         |   
Round 4  |        |         |         |         |   
Round 5  |        |         |         |         |   
Round 6  |        |         |         |         |   
 
*****VOLGENDE ITERATIE*****
pairs: [A-C, A-D, B-C, B-D, C-D] & pairsUsed: [A-B]
doubles: [Ljava.lang.String;@16cdd72f & doublesUsed: []
currentGame: 0 & prevGame: [0]
currentRound: 3 & prevRound: [0]
TEMPBOARD: 
         | Game 1 |  Game 2 |  Game 3 |  Game 4 |  
_________ ________ _________ _________ _________ 
Round 1  |  A-B   |         |         |         |   
Round 2  |        |         |         |         |   
Round 3  |        |         |         |         |   
Round 4  |        |         |         |         |   
Round 5  |        |         |         |         |   
Round 6  |        |         |         |         |   
 
*****VOLGENDE ITERATIE*****
pairs: [A-C, A-D, B-C, B-D, C-D] & pairsUsed: [A-B]
doubles: [Ljava.lang.String;@16cdd72f & doublesUsed: []
currentGame: 0 & prevGame: [0]
currentRound: 4 & prevRound: [0]
TEMPBOARD: 
         | Game 1 |  Game 2 |  Game 3 |  Game 4 |  
_________ ________ _________ _________ _________ 
Round 1  |  A-B   |         |         |         |   
Round 2  |        |         |         |         |   
Round 3  |        |         |         |         |   
Round 4  |        |         |         |         |   
Round 5  |        |         |         |         |   
Round 6  |        |         |         |         |   
 
*****VOLGENDE ITERATIE*****
pairs: [A-C, A-D, B-C, B-D, C-D] & pairsUsed: [A-B]
doubles: [Ljava.lang.String;@16cdd72f & doublesUsed: []
currentGame: 0 & prevGame: [0]
currentRound: 5 & prevRound: [0]
TEMPBOARD: 
         | Game 1 |  Game 2 |  Game 3 |  Game 4 |  
_________ ________ _________ _________ _________ 
Round 1  |  A-B   |         |         |         |   
Round 2  |        |         |         |         |   
Round 3  |        |         |         |         |   
Round 4  |        |         |         |         |   
Round 5  |        |         |         |         |   
Round 6  |        |         |         |         |   
 
*****VOLGENDE ITERATIE*****
pairs: [A-C, A-D, B-C, B-D, C-D] & pairsUsed: [A-B]
doubles: [Ljava.lang.String;@16cdd72f & doublesUsed: []
currentGame: 0 & prevGame: [0]
currentRound: 6 & prevRound: [0]
TEMPBOARD: 
         | Game 1 |  Game 2 |  Game 3 |  Game 4 |  
_________ ________ _________ _________ _________ 
Round 1  |  A-B   |         |         |         |   
Round 2  |        |         |         |         |   
Round 3  |        |         |         |         |   
Round 4  |        |         |         |         |   
Round 5  |        |         |         |         |   
Round 6  |        |         |         |         |   
 
*****VOLGENDE ITERATIE*****
pairs: [A-C, A-D, B-C, B-D, C-D] & pairsUsed: [A-B]
doubles: [Ljava.lang.String;@16cdd72f & doublesUsed: []
currentGame: 1 & prevGame: [0]
currentRound: 0 & prevRound: [0]
TEMPBOARD: 
         | Game 1 |  Game 2 |  Game 3 |  Game 4 |  
_________ ________ _________ _________ _________ 
Round 1  |  A-B   |         |         |         |   
Round 2  |        |         |         |         |   
Round 3  |        |         |         |         |   
Round 4  |        |         |         |         |   
Round 5  |        |         |         |         |   
Round 6  |        |         |         |         |   
 
*****VOLGENDE ITERATIE*****
pairs: [A-C, A-D, B-C, B-D, C-D] & pairsUsed: [A-B]
doubles: [Ljava.lang.String;@16cdd72f & doublesUsed: []
currentGame: 1 & prevGame: [0]
currentRound: 1 & prevRound: [0]
TEMPBOARD: 
         | Game 1 |  Game 2 |  Game 3 |  Game 4 |  
_________ ________ _________ _________ _________ 
Round 1  |  A-B   |         |         |         |   
Round 2  |        |         |         |         |   
Round 3  |        |         |         |         |   
Round 4  |        |         |         |         |   
Round 5  |        |         |         |         |   
Round 6  |        |         |         |         |   
 
*****VOLGENDE ITERATIE*****
pairs: [A-D, B-C, B-D, C-D] & pairsUsed: [A-B, A-C]
doubles: [Ljava.lang.String;@16cdd72f & doublesUsed: []
currentGame: 0 & prevGame: [0, 1]
currentRound: 0 & prevRound: [0, 1]
TEMPBOARD: 
         | Game 1 |  Game 2 |  Game 3 |  Game 4 |  
_________ ________ _________ _________ _________ 
Round 1  |  A-B   |         |         |         |   
Round 2  |        |   A-C   |         |         |   
Round 3  |        |         |         |         |   
Round 4  |        |         |         |         |   
Round 5  |        |         |         |         |   
Round 6  |        |         |         |         |   
 
*****VOLGENDE ITERATIE*****
pairs: [A-D, B-C, B-D, C-D] & pairsUsed: [A-B, A-C]
doubles: [Ljava.lang.String;@16cdd72f & doublesUsed: []
currentGame: 0 & prevGame: [0, 1]
currentRound: 1 & prevRound: [0, 1]
TEMPBOARD: 
         | Game 1 |  Game 2 |  Game 3 |  Game 4 |  
_________ ________ _________ _________ _________ 
Round 1  |  A-B   |         |         |         |   
Round 2  |        |   A-C   |         |         |   
Round 3  |        |         |         |         |   
Round 4  |        |         |         |         |   
Round 5  |        |         |         |         |   
Round 6  |        |         |         |         |   
 
*****VOLGENDE ITERATIE*****
pairs: [A-D, B-C, B-D, C-D] & pairsUsed: [A-B, A-C]
doubles: [Ljava.lang.String;@16cdd72f & doublesUsed: []
currentGame: 0 & prevGame: [0, 1]
currentRound: 2 & prevRound: [0, 1]
TEMPBOARD: 
         | Game 1 |  Game 2 |  Game 3 |  Game 4 |  
_________ ________ _________ _________ _________ 
Round 1  |  A-B   |         |         |         |   
Round 2  |        |   A-C   |         |         |   
Round 3  |        |         |         |         |   
Round 4  |        |         |         |         |   
Round 5  |        |         |         |         |   
Round 6  |        |         |         |         |   
 
*****VOLGENDE ITERATIE*****
pairs: [A-D, B-C, B-D, C-D] & pairsUsed: [A-B, A-C]
doubles: [Ljava.lang.String;@16cdd72f & doublesUsed: []
currentGame: 0 & prevGame: [0, 1]
currentRound: 3 & prevRound: [0, 1]
TEMPBOARD: 
         | Game 1 |  Game 2 |  Game 3 |  Game 4 |  
_________ ________ _________ _________ _________ 
Round 1  |  A-B   |         |         |         |   
Round 2  |        |   A-C   |         |         |   
Round 3  |        |         |         |         |   
Round 4  |        |         |         |         |   
Round 5  |        |         |         |         |   
Round 6  |        |         |         |         |   
 
*****VOLGENDE ITERATIE*****
pairs: [A-D, B-C, B-D, C-D] & pairsUsed: [A-B, A-C]
doubles: [Ljava.lang.String;@16cdd72f & doublesUsed: []
currentGame: 0 & prevGame: [0, 1]
currentRound: 4 & prevRound: [0, 1]
TEMPBOARD: 
         | Game 1 |  Game 2 |  Game 3 |  Game 4 |  
_________ ________ _________ _________ _________ 
Round 1  |  A-B   |         |         |         |   
Round 2  |        |   A-C   |         |         |   
Round 3  |        |         |         |         |   
Round 4  |        |         |         |         |   
Round 5  |        |         |         |         |   
Round 6  |        |         |         |         |   
 
*****VOLGENDE ITERATIE*****
pairs: [A-D, B-C, B-D, C-D] & pairsUsed: [A-B, A-C]
doubles: [Ljava.lang.String;@16cdd72f & doublesUsed: []
currentGame: 0 & prevGame: [0, 1]
currentRound: 5 & prevRound: [0, 1]
TEMPBOARD: 
         | Game 1 |  Game 2 |  Game 3 |  Game 4 |  
_________ ________ _________ _________ _________ 
Round 1  |  A-B   |         |         |         |   
Round 2  |        |   A-C   |         |         |   
Round 3  |        |         |         |         |   
Round 4  |        |         |         |         |   
Round 5  |        |         |         |         |   
Round 6  |        |         |         |         |   
 
*****VOLGENDE ITERATIE*****
pairs: [A-D, B-C, B-D, C-D] & pairsUsed: [A-B, A-C]
doubles: [Ljava.lang.String;@16cdd72f & doublesUsed: []
currentGame: 0 & prevGame: [0, 1]
currentRound: 6 & prevRound: [0, 1]
TEMPBOARD: 
         | Game 1 |  Game 2 |  Game 3 |  Game 4 |  
_________ ________ _________ _________ _________ 
Round 1  |  A-B   |         |         |         |   
Round 2  |        |   A-C   |         |         |   
Round 3  |        |         |         |         |   
Round 4  |        |         |         |         |   
Round 5  |        |         |         |         |   
Round 6  |        |         |         |         |   
 
*****VOLGENDE ITERATIE*****
pairs: [A-D, B-C, B-D, C-D] & pairsUsed: [A-B, A-C]
doubles: [Ljava.lang.String;@16cdd72f & doublesUsed: []
currentGame: 1 & prevGame: [0, 1]
currentRound: 0 & prevRound: [0, 1]
TEMPBOARD: 
         | Game 1 |  Game 2 |  Game 3 |  Game 4 |  
_________ ________ _________ _________ _________ 
Round 1  |  A-B   |         |         |         |   
Round 2  |        |   A-C   |         |         |   
Round 3  |        |         |         |         |   
Round 4  |        |         |         |         |   
Round 5  |        |         |         |         |   
Round 6  |        |         |         |         |   
 
*****VOLGENDE ITERATIE*****
pairs: [A-D, B-C, B-D, C-D] & pairsUsed: [A-B, A-C]
doubles: [Ljava.lang.String;@16cdd72f & doublesUsed: []
currentGame: 1 & prevGame: [0, 1]
currentRound: 1 & prevRound: [0, 1]
TEMPBOARD: 
         | Game 1 |  Game 2 |  Game 3 |  Game 4 |  
_________ ________ _________ _________ _________ 
Round 1  |  A-B   |         |         |         |   
Round 2  |        |   A-C   |         |         |   
Round 3  |        |         |         |         |   
Round 4  |        |         |         |         |   
Round 5  |        |         |         |         |   
Round 6  |        |         |         |         |   
 
*****VOLGENDE ITERATIE*****
pairs: [A-D, B-C, B-D, C-D] & pairsUsed: [A-B, A-C]
doubles: [Ljava.lang.String;@16cdd72f & doublesUsed: []
currentGame: 1 & prevGame: [0, 1]
currentRound: 2 & prevRound: [0, 1]
TEMPBOARD: 
         | Game 1 |  Game 2 |  Game 3 |  Game 4 |  
_________ ________ _________ _________ _________ 
Round 1  |  A-B   |         |         |         |   
Round 2  |        |   A-C   |         |         |   
Round 3  |        |         |         |         |   
Round 4  |        |         |         |         |   
Round 5  |        |         |         |         |   
Round 6  |        |         |         |         |   
 
*****VOLGENDE ITERATIE*****
pairs: [A-D, B-C, B-D, C-D] & pairsUsed: [A-B, A-C]
doubles: [Ljava.lang.String;@16cdd72f & doublesUsed: []
currentGame: 1 & prevGame: [0, 1]
currentRound: 3 & prevRound: [0, 1]
TEMPBOARD: 
         | Game 1 |  Game 2 |  Game 3 |  Game 4 |  
_________ ________ _________ _________ _________ 
Round 1  |  A-B   |         |         |         |   
Round 2  |        |   A-C   |         |         |   
Round 3  |        |         |         |         |   
Round 4  |        |         |         |         |   
Round 5  |        |         |         |         |   
Round 6  |        |         |         |         |   
 
*****VOLGENDE ITERATIE*****
pairs: [A-D, B-C, B-D, C-D] & pairsUsed: [A-B, A-C]
doubles: [Ljava.lang.String;@16cdd72f & doublesUsed: []
currentGame: 1 & prevGame: [0, 1]
currentRound: 4 & prevRound: [0, 1]
TEMPBOARD: 
         | Game 1 |  Game 2 |  Game 3 |  Game 4 |  
_________ ________ _________ _________ _________ 
Round 1  |  A-B   |         |         |         |   
Round 2  |        |   A-C   |         |         |   
Round 3  |        |         |         |         |   
Round 4  |        |         |         |         |   
Round 5  |        |         |         |         |   
Round 6  |        |         |         |         |   
 
*****VOLGENDE ITERATIE*****
pairs: [A-D, B-C, B-D, C-D] & pairsUsed: [A-B, A-C]
doubles: [Ljava.lang.String;@16cdd72f & doublesUsed: []
currentGame: 1 & prevGame: [0, 1]
currentRound: 5 & prevRound: [0, 1]
TEMPBOARD: 
         | Game 1 |  Game 2 |  Game 3 |  Game 4 |  
_________ ________ _________ _________ _________ 
Round 1  |  A-B   |         |         |         |   
Round 2  |        |   A-C   |         |         |   
Round 3  |        |         |         |         |   
Round 4  |        |         |         |         |   
Round 5  |        |         |         |         |   
Round 6  |        |         |         |         |   
 
*****VOLGENDE ITERATIE*****
pairs: [A-D, B-C, B-D, C-D] & pairsUsed: [A-B, A-C]
doubles: [Ljava.lang.String;@16cdd72f & doublesUsed: []
currentGame: 1 & prevGame: [0, 1]
currentRound: 6 & prevRound: [0, 1]
TEMPBOARD: 
         | Game 1 |  Game 2 |  Game 3 |  Game 4 |  
_________ ________ _________ _________ _________ 
Round 1  |  A-B   |         |         |         |   
Round 2  |        |   A-C   |         |         |   
Round 3  |        |         |         |         |   
Round 4  |        |         |         |         |   
Round 5  |        |         |         |         |   
Round 6  |        |         |         |         |   
 
*****VOLGENDE ITERATIE*****
pairs: [A-D, B-C, B-D, C-D] & pairsUsed: [A-B, A-C]
doubles: [Ljava.lang.String;@16cdd72f & doublesUsed: []
currentGame: 2 & prevGame: [0, 1]
currentRound: 0 & prevRound: [0, 1]
TEMPBOARD: 
         | Game 1 |  Game 2 |  Game 3 |  Game 4 |  
_________ ________ _________ _________ _________ 
Round 1  |  A-B   |         |         |         |   
Round 2  |        |   A-C   |         |         |   
Round 3  |        |         |         |         |   
Round 4  |        |         |         |         |   
Round 5  |        |         |         |         |   
Round 6  |        |         |         |         |   
 
*****VOLGENDE ITERATIE*****
pairs: [A-D, B-C, B-D, C-D] & pairsUsed: [A-B, A-C]
doubles: [Ljava.lang.String;@16cdd72f & doublesUsed: []
currentGame: 2 & prevGame: [0, 1]
currentRound: 1 & prevRound: [0, 1]
TEMPBOARD: 
         | Game 1 |  Game 2 |  Game 3 |  Game 4 |  
_________ ________ _________ _________ _________ 
Round 1  |  A-B   |         |         |         |   
Round 2  |        |   A-C   |         |         |   
Round 3  |        |         |         |         |   
Round 4  |        |         |         |         |   
Round 5  |        |         |         |         |   
Round 6  |        |         |         |         |   
 
*****VOLGENDE ITERATIE*****
pairs: [A-D, B-C, B-D, C-D] & pairsUsed: [A-B, A-C]
doubles: [Ljava.lang.String;@16cdd72f & doublesUsed: []
currentGame: 2 & prevGame: [0, 1]
currentRound: 2 & prevRound: [0, 1]
TEMPBOARD: 
         | Game 1 |  Game 2 |  Game 3 |  Game 4 |  
_________ ________ _________ _________ _________ 
Round 1  |  A-B   |         |         |         |   
Round 2  |        |   A-C   |         |         |   
Round 3  |        |         |         |         |   
Round 4  |        |         |         |         |   
Round 5  |        |         |         |         |   
Round 6  |        |         |         |         |   
 
*****VOLGENDE ITERATIE*****
pairs: [B-C, B-D, C-D] & pairsUsed: [A-B, A-C, A-D]
doubles: [Ljava.lang.String;@16cdd72f & doublesUsed: []
currentGame: 0 & prevGame: [0, 1, 2]
currentRound: 0 & prevRound: [0, 1, 2]
TEMPBOARD: 
         | Game 1 |  Game 2 |  Game 3 |  Game 4 |  
_________ ________ _________ _________ _________ 
Round 1  |  A-B   |         |         |         |   
Round 2  |        |   A-C   |         |         |   
Round 3  |        |         |   A-D   |         |   
Round 4  |        |         |         |         |   
Round 5  |        |         |         |         |   
Round 6  |        |         |         |         |   
 
*****VOLGENDE ITERATIE*****
pairs: [B-C, B-D, C-D] & pairsUsed: [A-B, A-C, A-D]
doubles: [Ljava.lang.String;@16cdd72f & doublesUsed: []
currentGame: 0 & prevGame: [0, 1, 2]
currentRound: 1 & prevRound: [0, 1, 2]
TEMPBOARD: 
         | Game 1 |  Game 2 |  Game 3 |  Game 4 |  
_________ ________ _________ _________ _________ 
Round 1  |  A-B   |         |         |         |   
Round 2  |        |   A-C   |         |         |   
Round 3  |        |         |   A-D   |         |   
Round 4  |        |         |         |         |   
Round 5  |        |         |         |         |   
Round 6  |        |         |         |         |   
 
*****VOLGENDE ITERATIE*****
pairs: [B-C, B-D, C-D] & pairsUsed: [A-B, A-C, A-D]
doubles: [Ljava.lang.String;@16cdd72f & doublesUsed: []
currentGame: 0 & prevGame: [0, 1, 2]
currentRound: 2 & prevRound: [0, 1, 2]
TEMPBOARD: 
         | Game 1 |  Game 2 |  Game 3 |  Game 4 |  
_________ ________ _________ _________ _________ 
Round 1  |  A-B   |         |         |         |   
Round 2  |        |   A-C   |         |         |   
Round 3  |        |         |   A-D   |         |   
Round 4  |        |         |         |         |   
Round 5  |        |         |         |         |   
Round 6  |        |         |         |         |   
 
*****VOLGENDE ITERATIE*****
pairs: [B-C, B-D, C-D] & pairsUsed: [A-B, A-C, A-D]
doubles: [Ljava.lang.String;@16cdd72f & doublesUsed: []
currentGame: 0 & prevGame: [0, 1, 2]
currentRound: 3 & prevRound: [0, 1, 2]
TEMPBOARD: 
         | Game 1 |  Game 2 |  Game 3 |  Game 4 |  
_________ ________ _________ _________ _________ 
Round 1  |  A-B   |         |         |         |   
Round 2  |        |   A-C   |         |         |   
Round 3  |        |         |   A-D   |         |   
Round 4  |        |         |         |         |   
Round 5  |        |         |         |         |   
Round 6  |        |         |         |         |   
 
*****VOLGENDE ITERATIE*****
pairs: [B-C, B-D, C-D] & pairsUsed: [A-B, A-C, A-D]
doubles: [Ljava.lang.String;@16cdd72f & doublesUsed: []
currentGame: 0 & prevGame: [0, 1, 2]
currentRound: 4 & prevRound: [0, 1, 2]
TEMPBOARD: 
         | Game 1 |  Game 2 |  Game 3 |  Game 4 |  
_________ ________ _________ _________ _________ 
Round 1  |  A-B   |         |         |         |   
Round 2  |        |   A-C   |         |         |   
Round 3  |        |         |   A-D   |         |   
Round 4  |        |         |         |         |   
Round 5  |        |         |         |         |   
Round 6  |        |         |         |         |   
 
*****VOLGENDE ITERATIE*****
pairs: [B-C, B-D, C-D] & pairsUsed: [A-B, A-C, A-D]
doubles: [Ljava.lang.String;@16cdd72f & doublesUsed: []
currentGame: 0 & prevGame: [0, 1, 2]
currentRound: 5 & prevRound: [0, 1, 2]
TEMPBOARD: 
         | Game 1 |  Game 2 |  Game 3 |  Game 4 |  
_________ ________ _________ _________ _________ 
Round 1  |  A-B   |         |         |         |   
Round 2  |        |   A-C   |         |         |   
Round 3  |        |         |   A-D   |         |   
Round 4  |        |         |         |         |   
Round 5  |        |         |         |         |   
Round 6  |        |         |         |         |   
 
*****VOLGENDE ITERATIE*****
pairs: [B-C, B-D, C-D] & pairsUsed: [A-B, A-C, A-D]
doubles: [Ljava.lang.String;@16cdd72f & doublesUsed: []
currentGame: 0 & prevGame: [0, 1, 2]
currentRound: 6 & prevRound: [0, 1, 2]
TEMPBOARD: 
         | Game 1 |  Game 2 |  Game 3 |  Game 4 |  
_________ ________ _________ _________ _________ 
Round 1  |  A-B   |         |         |         |   
Round 2  |        |   A-C   |         |         |   
Round 3  |        |         |   A-D   |         |   
Round 4  |        |         |         |         |   
Round 5  |        |         |         |         |   
Round 6  |        |         |         |         |   
 
*****VOLGENDE ITERATIE*****
pairs: [B-C, B-D, C-D] & pairsUsed: [A-B, A-C, A-D]
doubles: [Ljava.lang.String;@16cdd72f & doublesUsed: []
currentGame: 1 & prevGame: [0, 1, 2]
currentRound: 0 & prevRound: [0, 1, 2]
TEMPBOARD: 
         | Game 1 |  Game 2 |  Game 3 |  Game 4 |  
_________ ________ _________ _________ _________ 
Round 1  |  A-B   |         |         |         |   
Round 2  |        |   A-C   |         |         |   
Round 3  |        |         |   A-D   |         |   
Round 4  |        |         |         |         |   
Round 5  |        |         |         |         |   
Round 6  |        |         |         |         |   
 
*****VOLGENDE ITERATIE*****
pairs: [B-C, B-D, C-D] & pairsUsed: [A-B, A-C, A-D]
doubles: [Ljava.lang.String;@16cdd72f & doublesUsed: []
currentGame: 1 & prevGame: [0, 1, 2]
currentRound: 1 & prevRound: [0, 1, 2]
TEMPBOARD: 
         | Game 1 |  Game 2 |  Game 3 |  Game 4 |  
_________ ________ _________ _________ _________ 
Round 1  |  A-B   |         |         |         |   
Round 2  |        |   A-C   |         |         |   
Round 3  |        |         |   A-D   |         |   
Round 4  |        |         |         |         |   
Round 5  |        |         |         |         |   
Round 6  |        |         |         |         |   
 
*****VOLGENDE ITERATIE*****
pairs: [B-C, B-D, C-D] & pairsUsed: [A-B, A-C, A-D]
doubles: [Ljava.lang.String;@16cdd72f & doublesUsed: []
currentGame: 1 & prevGame: [0, 1, 2]
currentRound: 2 & prevRound: [0, 1, 2]
TEMPBOARD: 
         | Game 1 |  Game 2 |  Game 3 |  Game 4 |  
_________ ________ _________ _________ _________ 
Round 1  |  A-B   |         |         |         |   
Round 2  |        |   A-C   |         |         |   
Round 3  |        |         |   A-D   |         |   
Round 4  |        |         |         |         |   
Round 5  |        |         |         |         |   
Round 6  |        |         |         |         |   
 
*****VOLGENDE ITERATIE*****
pairs: [B-C, B-D, C-D] & pairsUsed: [A-B, A-C, A-D]
doubles: [Ljava.lang.String;@16cdd72f & doublesUsed: []
currentGame: 1 & prevGame: [0, 1, 2]
currentRound: 3 & prevRound: [0, 1, 2]
TEMPBOARD: 
         | Game 1 |  Game 2 |  Game 3 |  Game 4 |  
_________ ________ _________ _________ _________ 
Round 1  |  A-B   |         |         |         |   
Round 2  |        |   A-C   |         |         |   
Round 3  |        |         |   A-D   |         |   
Round 4  |        |         |         |         |   
Round 5  |        |         |         |         |   
Round 6  |        |         |         |         |   
 
*****VOLGENDE ITERATIE*****
pairs: [B-C, B-D, C-D] & pairsUsed: [A-B, A-C, A-D]
doubles: [Ljava.lang.String;@16cdd72f & doublesUsed: []
currentGame: 1 & prevGame: [0, 1, 2]
currentRound: 4 & prevRound: [0, 1, 2]
TEMPBOARD: 
         | Game 1 |  Game 2 |  Game 3 |  Game 4 |  
_________ ________ _________ _________ _________ 
Round 1  |  A-B   |         |         |         |   
Round 2  |        |   A-C   |         |         |   
Round 3  |        |         |   A-D   |         |   
Round 4  |        |         |         |         |   
Round 5  |        |         |         |         |   
Round 6  |        |         |         |         |   
 
*****VOLGENDE ITERATIE*****
pairs: [B-C, B-D, C-D] & pairsUsed: [A-B, A-C, A-D]
doubles: [Ljava.lang.String;@16cdd72f & doublesUsed: []
currentGame: 1 & prevGame: [0, 1, 2]
currentRound: 5 & prevRound: [0, 1, 2]
TEMPBOARD: 
         | Game 1 |  Game 2 |  Game 3 |  Game 4 |  
_________ ________ _________ _________ _________ 
Round 1  |  A-B   |         |         |         |   
Round 2  |        |   A-C   |         |         |   
Round 3  |        |         |   A-D   |         |   
Round 4  |        |         |         |         |   
Round 5  |        |         |         |         |   
Round 6  |        |         |         |         |   
 
*****VOLGENDE ITERATIE*****
pairs: [B-C, B-D, C-D] & pairsUsed: [A-B, A-C, A-D]
doubles: [Ljava.lang.String;@16cdd72f & doublesUsed: []
currentGame: 1 & prevGame: [0, 1, 2]
currentRound: 6 & prevRound: [0, 1, 2]
TEMPBOARD: 
         | Game 1 |  Game 2 |  Game 3 |  Game 4 |  
_________ ________ _________ _________ _________ 
Round 1  |  A-B   |         |         |         |   
Round 2  |        |   A-C   |         |         |   
Round 3  |        |         |   A-D   |         |   
Round 4  |        |         |         |         |   
Round 5  |        |         |         |         |   
Round 6  |        |         |         |         |   
 
*****VOLGENDE ITERATIE*****
pairs: [B-C, B-D, C-D] & pairsUsed: [A-B, A-C, A-D]
doubles: [Ljava.lang.String;@16cdd72f & doublesUsed: []
currentGame: 2 & prevGame: [0, 1, 2]
currentRound: 0 & prevRound: [0, 1, 2]
TEMPBOARD: 
         | Game 1 |  Game 2 |  Game 3 |  Game 4 |  
_________ ________ _________ _________ _________ 
Round 1  |  A-B   |         |         |         |   
Round 2  |        |   A-C   |         |         |   
Round 3  |        |         |   A-D   |         |   
Round 4  |        |         |         |         |   
Round 5  |        |         |         |         |   
Round 6  |        |         |         |         |   
 
*****VOLGENDE ITERATIE*****
pairs: [B-C, B-D, C-D] & pairsUsed: [A-B, A-C, A-D]
doubles: [Ljava.lang.String;@16cdd72f & doublesUsed: []
currentGame: 2 & prevGame: [0, 1, 2]
currentRound: 1 & prevRound: [0, 1, 2]
TEMPBOARD: 
         | Game 1 |  Game 2 |  Game 3 |  Game 4 |  
_________ ________ _________ _________ _________ 
Round 1  |  A-B   |         |         |         |   
Round 2  |        |   A-C   |         |         |   
Round 3  |        |         |   A-D   |         |   
Round 4  |        |         |         |         |   
Round 5  |        |         |         |         |   
Round 6  |        |         |         |         |   
 
*****VOLGENDE ITERATIE*****
pairs: [B-C, B-D, C-D] & pairsUsed: [A-B, A-C, A-D]
doubles: [Ljava.lang.String;@16cdd72f & doublesUsed: []
currentGame: 2 & prevGame: [0, 1, 2]
currentRound: 2 & prevRound: [0, 1, 2]
TEMPBOARD: 
         | Game 1 |  Game 2 |  Game 3 |  Game 4 |  
_________ ________ _________ _________ _________ 
Round 1  |  A-B   |         |         |         |   
Round 2  |        |   A-C   |         |         |   
Round 3  |        |         |   A-D   |         |   
Round 4  |        |         |         |         |   
Round 5  |        |         |         |         |   
Round 6  |        |         |         |         |   
 
*****VOLGENDE ITERATIE*****
pairs: [B-C, B-D, C-D] & pairsUsed: [A-B, A-C, A-D]
doubles: [Ljava.lang.String;@16cdd72f & doublesUsed: []
currentGame: 2 & prevGame: [0, 1, 2]
currentRound: 3 & prevRound: [0, 1, 2]
TEMPBOARD: 
         | Game 1 |  Game 2 |  Game 3 |  Game 4 |  
_________ ________ _________ _________ _________ 
Round 1  |  A-B   |         |         |         |   
Round 2  |        |   A-C   |         |         |   
Round 3  |        |         |   A-D   |         |   
Round 4  |        |         |         |         |   
Round 5  |        |         |         |         |   
Round 6  |        |         |         |         |   
 
*****VOLGENDE ITERATIE*****
pairs: [B-D, C-D] & pairsUsed: [A-B, A-C, A-D, B-C]
doubles: [Ljava.lang.String;@16cdd72f & doublesUsed: []
currentGame: 0 & prevGame: [0, 1, 2, 2]
currentRound: 0 & prevRound: [0, 1, 2, 3]
TEMPBOARD: 
         | Game 1 |  Game 2 |  Game 3 |  Game 4 |  
_________ ________ _________ _________ _________ 
Round 1  |  A-B   |         |         |         |   
Round 2  |        |   A-C   |         |         |   
Round 3  |        |         |   A-D   |         |   
Round 4  |        |         |   B-C   |         |   
Round 5  |        |         |         |         |   
Round 6  |        |         |         |         |   
 
*****VOLGENDE ITERATIE*****
pairs: [B-D, C-D] & pairsUsed: [A-B, A-C, A-D, B-C]
doubles: [Ljava.lang.String;@16cdd72f & doublesUsed: []
currentGame: 0 & prevGame: [0, 1, 2, 2]
currentRound: 1 & prevRound: [0, 1, 2, 3]
TEMPBOARD: 
         | Game 1 |  Game 2 |  Game 3 |  Game 4 |  
_________ ________ _________ _________ _________ 
Round 1  |  A-B   |         |         |         |   
Round 2  |        |   A-C   |         |         |   
Round 3  |        |         |   A-D   |         |   
Round 4  |        |         |   B-C   |         |   
Round 5  |        |         |         |         |   
Round 6  |        |         |         |         |   
 
*****VOLGENDE ITERATIE*****
pairs: [B-D, C-D] & pairsUsed: [A-B, A-C, A-D, B-C]
doubles: [Ljava.lang.String;@16cdd72f & doublesUsed: []
currentGame: 0 & prevGame: [0, 1, 2, 2]
currentRound: 2 & prevRound: [0, 1, 2, 3]
TEMPBOARD: 
         | Game 1 |  Game 2 |  Game 3 |  Game 4 |  
_________ ________ _________ _________ _________ 
Round 1  |  A-B   |         |         |         |   
Round 2  |        |   A-C   |         |         |   
Round 3  |        |         |   A-D   |         |   
Round 4  |        |         |   B-C   |         |   
Round 5  |        |         |         |         |   
Round 6  |        |         |         |         |   
 
*****VOLGENDE ITERATIE*****
pairs: [B-D, C-D] & pairsUsed: [A-B, A-C, A-D, B-C]
doubles: [Ljava.lang.String;@16cdd72f & doublesUsed: []
currentGame: 0 & prevGame: [0, 1, 2, 2]
currentRound: 3 & prevRound: [0, 1, 2, 3]
TEMPBOARD: 
         | Game 1 |  Game 2 |  Game 3 |  Game 4 |  
_________ ________ _________ _________ _________ 
Round 1  |  A-B   |         |         |         |   
Round 2  |        |   A-C   |         |         |   
Round 3  |        |         |   A-D   |         |   
Round 4  |        |         |   B-C   |         |   
Round 5  |        |         |         |         |   
Round 6  |        |         |         |         |   
 
*****VOLGENDE ITERATIE*****
pairs: [B-D, C-D] & pairsUsed: [A-B, A-C, A-D, B-C]
doubles: [Ljava.lang.String;@16cdd72f & doublesUsed: []
currentGame: 0 & prevGame: [0, 1, 2, 2]
currentRound: 4 & prevRound: [0, 1, 2, 3]
TEMPBOARD: 
         | Game 1 |  Game 2 |  Game 3 |  Game 4 |  
_________ ________ _________ _________ _________ 
Round 1  |  A-B   |         |         |         |   
Round 2  |        |   A-C   |         |         |   
Round 3  |        |         |   A-D   |         |   
Round 4  |        |         |   B-C   |         |   
Round 5  |        |         |         |         |   
Round 6  |        |         |         |         |   
 
*****VOLGENDE ITERATIE*****
pairs: [B-D, C-D] & pairsUsed: [A-B, A-C, A-D, B-C]
doubles: [Ljava.lang.String;@16cdd72f & doublesUsed: []
currentGame: 0 & prevGame: [0, 1, 2, 2]
currentRound: 5 & prevRound: [0, 1, 2, 3]
TEMPBOARD: 
         | Game 1 |  Game 2 |  Game 3 |  Game 4 |  
_________ ________ _________ _________ _________ 
Round 1  |  A-B   |         |         |         |   
[...]
Round 1  |  A-B   |         |         |   C-D   |   
Round 2  |        |   A-C   |         |         |   
Round 3  |        |         |   A-D   |         |   
Round 4  |        |         |   B-C   |         |   
Round 5  |        |   B-D   |         |         |   
Round 6  |  C-D   |         |         |         |   
 
*****VOLGENDE ITERATIE*****
pairs: [] & pairsUsed: [A-B, A-C, A-D, B-C, B-D, C-D]
doubles: [Ljava.lang.String;@16cdd72f & doublesUsed: [C-D]
currentGame: 3 & prevGame: [0, 1, 2, 2, 1, 0, 3]
currentRound: 0 & prevRound: [0, 1, 2, 3, 4, 5, 0]
TEMPBOARD: 
         | Game 1 |  Game 2 |  Game 3 |  Game 4 |  
_________ ________ _________ _________ _________ 
Round 1  |  A-B   |         |         |   C-D   |   
Round 2  |        |   A-C   |         |         |   
Round 3  |        |         |   A-D   |         |   
Round 4  |        |         |   B-C   |         |   
Round 5  |        |   B-D   |         |         |   
Round 6  |  C-D   |         |         |         |   
 
*****VOLGENDE ITERATIE*****
pairs: [] & pairsUsed: [A-B, A-C, A-D, B-C, B-D, C-D]
doubles: [Ljava.lang.String;@16cdd72f & doublesUsed: [C-D]
currentGame: 3 & prevGame: [0, 1, 2, 2, 1, 0, 3]
currentRound: 0 & prevRound: [0, 1, 2, 3, 4, 5, 0]
TEMPBOARD: 
         | Game 1 |  Game 2 |  Game 3 |  Game 4 |  
_________ ________ _________ _________ _________ 
Round 1  |  A-B   |         |         |   C-D   |   
Round 2  |        |   A-C   |         |         |   
Round 3  |        |         |   A-D   |         |   
Round 4  |        |         |   B-C   |         |   
Round 5  |        |   B-D   |         |         |   
Round 6  |  C-D   |         |         |         |   
 
*****VOLGENDE ITERATIE*****
pairs: [] & pairsUsed: [A-B, A-C, A-D, B-C, B-D, C-D]
doubles: [Ljava.lang.String;@16cdd72f & doublesUsed: [C-D]
currentGame: 3 & prevGame: [0, 1, 2, 2, 1, 0, 3]
currentRound: 0 & prevRound: [0, 1, 2, 3, 4, 5, 0]
TEMPBOARD: 
         | Game 1 |  Game 2 |  Game 3 |  Game 4 |  
_________ ________ _________ _________ _________ 
Round 1  |  A-B   |         |         |   C-D   |   
Round 2  |        |   A-C   |         |         |   
Round 3  |        |         |   A-D   |         |   
Round 4  |        |         |   B-C   |         |   
Round 5  |        |   B-D   |         |         |   
Round 6  |  C-D   |         |         |         |   
 
*****VOLGENDE ITERATIE*****
pairs: [] & pairsUsed: [A-B, A-C, A-D, B-C, B-D, C-D]
doubles: [Ljava.lang.String;@16cdd72f & doublesUsed: [C-D]
currentGame: 3 & prevGame: [0, 1, 2, 2, 1, 0, 3]
currentRound: 1 & prevRound: [0, 1, 2, 3, 4, 5, 0]
TEMPBOARD: 
         | Game 1 |  Game 2 |  Game 3 |  Game 4 |  
_________ ________ _________ _________ _________ 
Round 1  |  A-B   |         |         |   C-D   |   
Round 2  |        |   A-C   |         |         |   
Round 3  |        |         |   A-D   |         |   
Round 4  |        |         |   B-C   |         |   
Round 5  |        |   B-D   |         |         |   
Round 6  |  C-D   |         |         |         |   
 
*****VOLGENDE ITERATIE*****
pairs: [] & pairsUsed: [A-B, A-C, A-D, B-C, B-D, C-D]
doubles: [Ljava.lang.String;@16cdd72f & doublesUsed: [C-D]
currentGame: 3 & prevGame: [0, 1, 2, 2, 1, 0, 3]
currentRound: 1 & prevRound: [0, 1, 2, 3, 4, 5, 0]
TEMPBOARD: 
         | Game 1 |  Game 2 |  Game 3 |  Game 4 |  
_________ ________ _________ _________ _________ 
Round 1  |  A-B   |         |         |   C-D   |   
Round 2  |        |   A-C   |         |         |   
Round 3  |        |         |   A-D   |         |   
Round 4  |        |         |   B-C   |         |   
Round 5  |        |   B-D   |         |         |   
Round 6  |  C-D   |         |         |         |   
 
*****VOLGENDE ITERATIE*****
pairs: [] & pairsUsed: [A-B, A-C, A-D, B-C, B-D, C-D]
doubles: [Ljava.lang.String;@16cdd72f & doublesUsed: [C-D]
currentGame: 3 & prevGame: [0, 1, 2, 2, 1, 0, 3]
currentRound: 1 & prevRound: [0, 1, 2, 3, 4, 5, 0]
TEMPBOARD: 
         | Game 1 |  Game 2 |  Game 3 |  Game 4 |  
_________ ________ _________ _________ _________ 
Round 1  |  A-B   |         |         |   C-D   |   
Round 2  |        |   A-C   |         |         |   
Round 3  |        |         |   A-D   |         |   
Round 4  |        |         |   B-C   |         |   
Round 5  |        |   B-D   |         |         |   
Round 6  |  C-D   |         |         |         |   
 
*****VOLGENDE ITERATIE*****
pairs: [] & pairsUsed: [A-B, A-C, A-D, B-C, B-D, C-D]
doubles: [Ljava.lang.String;@16cdd72f & doublesUsed: [C-D]
currentGame: 3 & prevGame: [0, 1, 2, 2, 1, 0, 3]
currentRound: 1 & prevRound: [0, 1, 2, 3, 4, 5, 0]
TEMPBOARD: 
         | Game 1 |  Game 2 |  Game 3 |  Game 4 |  
_________ ________ _________ _________ _________ 
Round 1  |  A-B   |         |         |   C-D   |   
Round 2  |        |   A-C   |         |         |   
Round 3  |        |         |   A-D   |         |   
Round 4  |        |         |   B-C   |         |   
Round 5  |        |   B-D   |         |         |   
Round 6  |  C-D   |         |         |         |   
 
*****VOLGENDE ITERATIE*****
pairs: [] & pairsUsed: [A-B, A-C, A-D, B-C, B-D, C-D]
doubles: [Ljava.lang.String;@16cdd72f & doublesUsed: [C-D]
currentGame: 3 & prevGame: [0, 1, 2, 2, 1, 0, 3]
currentRound: 1 & prevRound: [0, 1, 2, 3, 4, 5, 0]
TEMPBOARD: 
         | Game 1 |  Game 2 |  Game 3 |  Game 4 |  
_________ ________ _________ _________ _________ 
Round 1  |  A-B   |         |         |   C-D   |   
Round 2  |        |   A-C   |         |         |   
Round 3  |        |         |   A-D   |         |   
Round 4  |        |         |   B-C   |         |   
Round 5  |        |   B-D   |         |         |   
Round 6  |  C-D   |         |         |         |   
 
*****VOLGENDE ITERATIE*****
pairs: [] & pairsUsed: [A-B, A-C, A-D, B-C, B-D, C-D]
doubles: [Ljava.lang.String;@16cdd72f & doublesUsed: [C-D]
currentGame: 3 & prevGame: [0, 1, 2, 2, 1, 0, 3]
currentRound: 1 & prevRound: [0, 1, 2, 3, 4, 5, 0]
TEMPBOARD: 
         | Game 1 |  Game 2 |  Game 3 |  Game 4 |  
_________ ________ _________ _________ _________ 
Round 1  |  A-B   |         |         |   C-D   |   
Round 2  |        |   A-C   |         |         |   
Round 3  |        |         |   A-D   |         |   
Round 4  |        |         |   B-C   |         |   
Round 5  |        |   B-D   |         |         |   
Round 6  |  C-D   |         |         |         |   
 
*****VOLGENDE ITERATIE*****
pairs: [] & pairsUsed: [A-B, A-C, A-D, B-C, B-D, C-D]
doubles: [Ljava.lang.String;@16cdd72f & doublesUsed: [C-D]
currentGame: 3 & prevGame: [0, 1, 2, 2, 1, 0, 3]
currentRound: 2 & prevRound: [0, 1, 2, 3, 4, 5, 0]
TEMPBOARD: 
         | Game 1 |  Game 2 |  Game 3 |  Game 4 |  
_________ ________ _________ _________ _________ 
Round 1  |  A-B   |         |         |   C-D   |   
Round 2  |        |   A-C   |         |         |   
Round 3  |        |         |   A-D   |         |   
Round 4  |        |         |   B-C   |         |   
Round 5  |        |   B-D   |         |         |   
Round 6  |  C-D   |         |         |         |   
 
*****VOLGENDE ITERATIE*****
pairs: [] & pairsUsed: [A-B, A-C, A-D, B-C, B-D, C-D]
doubles: [Ljava.lang.String;@16cdd72f & doublesUsed: [C-D]
currentGame: 3 & prevGame: [0, 1, 2, 2, 1, 0, 3]
currentRound: 2 & prevRound: [0, 1, 2, 3, 4, 5, 0]
TEMPBOARD: 
         | Game 1 |  Game 2 |  Game 3 |  Game 4 |  
_________ ________ _________ _________ _________ 
Round 1  |  A-B   |         |         |   C-D   |   
Round 2  |        |   A-C   |         |         |   
Round 3  |        |         |   A-D   |         |   
Round 4  |        |         |   B-C   |         |   
Round 5  |        |   B-D   |         |         |   
Round 6  |  C-D   |         |         |         |   
 
*****VOLGENDE ITERATIE*****
pairs: [] & pairsUsed: [A-B, A-C, A-D, B-C, B-D, C-D]
doubles: [Ljava.lang.String;@16cdd72f & doublesUsed: [C-D]
currentGame: 3 & prevGame: [0, 1, 2, 2, 1, 0, 3]
currentRound: 2 & prevRound: [0, 1, 2, 3, 4, 5, 0]
TEMPBOARD: 
         | Game 1 |  Game 2 |  Game 3 |  Game 4 |  
_________ ________ _________ _________ _________ 
Round 1  |  A-B   |         |         |   C-D   |   
Round 2  |        |   A-C   |         |         |   
Round 3  |        |         |   A-D   |         |   
Round 4  |        |         |   B-C   |         |   
Round 5  |        |   B-D   |         |         |   
Round 6  |  C-D   |         |         |         |   
 
*****VOLGENDE ITERATIE*****
pairs: [] & pairsUsed: [A-B, A-C, A-D, B-C, B-D, C-D]
doubles: [Ljava.lang.String;@16cdd72f & doublesUsed: [C-D]
currentGame: 3 & prevGame: [0, 1, 2, 2, 1, 0, 3]
currentRound: 2 & prevRound: [0, 1, 2, 3, 4, 5, 0]
TEMPBOARD: 
         | Game 1 |  Game 2 |  Game 3 |  Game 4 |  
_________ ________ _________ _________ _________ 
Round 1  |  A-B   |         |         |   C-D   |   
Round 2  |        |   A-C   |         |         |   
Round 3  |        |         |   A-D   |         |   
Round 4  |        |         |   B-C   |         |   
Round 5  |        |   B-D   |         |         |   
Round 6  |  C-D   |         |         |         |   
 
*****VOLGENDE ITERATIE*****
pairs: [] & pairsUsed: [A-B, A-C, A-D, B-C, B-D, C-D]
doubles: [Ljava.lang.String;@16cdd72f & doublesUsed: [C-D]
currentGame: 3 & prevGame: [0, 1, 2, 2, 1, 0, 3]
currentRound: 2 & prevRound: [0, 1, 2, 3, 4, 5, 0]
TEMPBOARD: 
         | Game 1 |  Game 2 |  Game 3 |  Game 4 |  
_________ ________ _________ _________ _________ 
Round 1  |  A-B   |         |         |   C-D   |   
Round 2  |        |   A-C   |         |         |   
Round 3  |        |         |   A-D   |         |   
Round 4  |        |         |   B-C   |         |   
Round 5  |        |   B-D   |         |         |   
Round 6  |  C-D   |         |         |         |   
 
*****VOLGENDE ITERATIE*****
pairs: [] & pairsUsed: [A-B, A-C, A-D, B-C, B-D, C-D]
doubles: [Ljava.lang.String;@16cdd72f & doublesUsed: [C-D]
currentGame: 3 & prevGame: [0, 1, 2, 2, 1, 0, 3]
currentRound: 2 & prevRound: [0, 1, 2, 3, 4, 5, 0]
TEMPBOARD: 
         | Game 1 |  Game 2 |  Game 3 |  Game 4 |  
_________ ________ _________ _________ _________ 
Round 1  |  A-B   |         |         |   C-D   |   
Round 2  |        |   A-C   |         |         |   
Round 3  |        |         |   A-D   |         |   
Round 4  |        |         |   B-C   |         |   
Round 5  |        |   B-D   |         |         |   
Round 6  |  C-D   |         |         |         |   
 
*****VOLGENDE ITERATIE*****
pairs: [] & pairsUsed: [A-B, A-C, A-D, B-C, B-D, C-D]
doubles: [Ljava.lang.String;@16cdd72f & doublesUsed: [C-D]
currentGame: 3 & prevGame: [0, 1, 2, 2, 1, 0, 3]
currentRound: 3 & prevRound: [0, 1, 2, 3, 4, 5, 0]
TEMPBOARD: 
         | Game 1 |  Game 2 |  Game 3 |  Game 4 |  
_________ ________ _________ _________ _________ 
Round 1  |  A-B   |         |         |   C-D   |   
Round 2  |        |   A-C   |         |         |   
Round 3  |        |         |   A-D   |         |   
Round 4  |        |         |   B-C   |         |   
Round 5  |        |   B-D   |         |         |   
Round 6  |  C-D   |         |         |         |   
 
*****VOLGENDE ITERATIE*****
pairs: [] & pairsUsed: [A-B, A-C, A-D, B-C, B-D, C-D]
doubles: [Ljava.lang.String;@16cdd72f & doublesUsed: [C-D]
currentGame: 3 & prevGame: [0, 1, 2, 2, 1, 0, 3]
currentRound: 3 & prevRound: [0, 1, 2, 3, 4, 5, 0]
TEMPBOARD: 
         | Game 1 |  Game 2 |  Game 3 |  Game 4 |  
_________ ________ _________ _________ _________ 
Round 1  |  A-B   |         |         |   C-D   |   
Round 2  |        |   A-C   |         |         |   
Round 3  |        |         |   A-D   |         |   
Round 4  |        |         |   B-C   |         |   
Round 5  |        |   B-D   |         |         |   
Round 6  |  C-D   |         |         |         |   
 
*****VOLGENDE ITERATIE*****
pairs: [] & pairsUsed: [A-B, A-C, A-D, B-C, B-D, C-D]
doubles: [Ljava.lang.String;@16cdd72f & doublesUsed: [C-D]
currentGame: 3 & prevGame: [0, 1, 2, 2, 1, 0, 3]
currentRound: 3 & prevRound: [0, 1, 2, 3, 4, 5, 0]
TEMPBOARD: 
         | Game 1 |  Game 2 |  Game 3 |  Game 4 |  
_________ ________ _________ _________ _________ 
Round 1  |  A-B   |         |         |   C-D   |   
Round 2  |        |   A-C   |         |         |   
Round 3  |        |         |   A-D   |         |   
Round 4  |        |         |   B-C   |         |   
Round 5  |        |   B-D   |         |         |   
Round 6  |  C-D   |         |         |         |   
 
*****VOLGENDE ITERATIE*****
pairs: [] & pairsUsed: [A-B, A-C, A-D, B-C, B-D, C-D]
doubles: [Ljava.lang.String;@16cdd72f & doublesUsed: [C-D]
currentGame: 3 & prevGame: [0, 1, 2, 2, 1, 0, 3]
currentRound: 3 & prevRound: [0, 1, 2, 3, 4, 5, 0]
TEMPBOARD: 
         | Game 1 |  Game 2 |  Game 3 |  Game 4 |  
_________ ________ _________ _________ _________ 
Round 1  |  A-B   |         |         |   C-D   |   
Round 2  |        |   A-C   |         |         |   
Round 3  |        |         |   A-D   |         |   
Round 4  |        |         |   B-C   |         |   
Round 5  |        |   B-D   |         |         |   
Round 6  |  C-D   |         |         |         |   
 
*****VOLGENDE ITERATIE*****
pairs: [] & pairsUsed: [A-B, A-C, A-D, B-C, B-D, C-D]
doubles: [Ljava.lang.String;@16cdd72f & doublesUsed: [C-D]
currentGame: 3 & prevGame: [0, 1, 2, 2, 1, 0, 3]
currentRound: 3 & prevRound: [0, 1, 2, 3, 4, 5, 0]
TEMPBOARD: 
         | Game 1 |  Game 2 |  Game 3 |  Game 4 |  
_________ ________ _________ _________ _________ 
Round 1  |  A-B   |         |         |   C-D   |   
Round 2  |        |   A-C   |         |         |   
Round 3  |        |         |   A-D   |         |   
Round 4  |        |         |   B-C   |         |   
Round 5  |        |   B-D   |         |         |   
Round 6  |  C-D   |         |         |         |   
 
*****VOLGENDE ITERATIE*****
pairs: [] & pairsUsed: [A-B, A-C, A-D, B-C, B-D, C-D]
doubles: [Ljava.lang.String;@16cdd72f & doublesUsed: [C-D]
currentGame: 3 & prevGame: [0, 1, 2, 2, 1, 0, 3]
currentRound: 3 & prevRound: [0, 1, 2, 3, 4, 5, 0]
TEMPBOARD: 
         | Game 1 |  Game 2 |  Game 3 |  Game 4 |  
_________ ________ _________ _________ _________ 
Round 1  |  A-B   |         |         |   C-D   |   
Round 2  |        |   A-C   |         |         |   
Round 3  |        |         |   A-D   |         |   
Round 4  |        |         |   B-C   |         |   
Round 5  |        |   B-D   |         |         |   
Round 6  |  C-D   |         |         |         |   
 
*****VOLGENDE ITERATIE*****
pairs: [] & pairsUsed: [A-B, A-C, A-D, B-C, B-D, C-D]
doubles: [Ljava.lang.String;@16cdd72f & doublesUsed: [C-D]
currentGame: 3 & prevGame: [0, 1, 2, 2, 1, 0, 3]
currentRound: 4 & prevRound: [0, 1, 2, 3, 4, 5, 0]
TEMPBOARD: 
         | Game 1 |  Game 2 |  Game 3 |  Game 4 |  
_________ ________ _________ _________ _________ 
Round 1  |  A-B   |         |         |   C-D   |   
Round 2  |        |   A-C   |         |         |   
Round 3  |        |         |   A-D   |         |   
Round 4  |        |         |   B-C   |         |   
Round 5  |        |   B-D   |         |         |   
Round 6  |  C-D   |         |         |         |   
 
*****VOLGENDE ITERATIE*****
pairs: [] & pairsUsed: [A-B, A-C, A-D, B-C, B-D, C-D]
doubles: [Ljava.lang.String;@16cdd72f & doublesUsed: [C-D]
currentGame: 3 & prevGame: [0, 1, 2, 2, 1, 0, 3]
currentRound: 4 & prevRound: [0, 1, 2, 3, 4, 5, 0]
TEMPBOARD: 
         | Game 1 |  Game 2 |  Game 3 |  Game 4 |  
_________ ________ _________ _________ _________ 
Round 1  |  A-B   |         |         |   C-D   |   
Round 2  |        |   A-C   |         |         |   
Round 3  |        |         |   A-D   |         |   
Round 4  |        |         |   B-C   |         |   
Round 5  |        |   B-D   |         |         |   
Round 6  |  C-D   |         |         |         |   
 
*****VOLGENDE ITERATIE*****
pairs: [] & pairsUsed: [A-B, A-C, A-D, B-C, B-D, C-D]
doubles: [Ljava.lang.String;@16cdd72f & doublesUsed: [C-D]
currentGame: 3 & prevGame: [0, 1, 2, 2, 1, 0, 3]
currentRound: 4 & prevRound: [0, 1, 2, 3, 4, 5, 0]
TEMPBOARD: 
         | Game 1 |  Game 2 |  Game 3 |  Game 4 |  
_________ ________ _________ _________ _________ 
Round 1  |  A-B   |         |         |   C-D   |   
Round 2  |        |   A-C   |         |         |   
Round 3  |        |         |   A-D   |         |   
Round 4  |        |         |   B-C   |         |   
Round 5  |        |   B-D   |         |         |   
Round 6  |  C-D   |         |         |         |   
 
*****VOLGENDE ITERATIE*****
pairs: [] & pairsUsed: [A-B, A-C, A-D, B-C, B-D, C-D]
doubles: [Ljava.lang.String;@16cdd72f & doublesUsed: [C-D]
currentGame: 3 & prevGame: [0, 1, 2, 2, 1, 0, 3]
currentRound: 4 & prevRound: [0, 1, 2, 3, 4, 5, 0]
TEMPBOARD: 
         | Game 1 |  Game 2 |  Game 3 |  Game 4 |  
_________ ________ _________ _________ _________ 
Round 1  |  A-B   |         |         |   C-D   |   
Round 2  |        |   A-C   |         |         |   
Round 3  |        |         |   A-D   |         |   
Round 4  |        |         |   B-C   |         |   
Round 5  |        |   B-D   |         |         |   
Round 6  |  C-D   |         |         |         |   
 
*****VOLGENDE ITERATIE*****
pairs: [] & pairsUsed: [A-B, A-C, A-D, B-C, B-D, C-D]
doubles: [Ljava.lang.String;@16cdd72f & doublesUsed: [C-D]
currentGame: 3 & prevGame: [0, 1, 2, 2, 1, 0, 3]
currentRound: 4 & prevRound: [0, 1, 2, 3, 4, 5, 0]
TEMPBOARD: 
         | Game 1 |  Game 2 |  Game 3 |  Game 4 |  
_________ ________ _________ _________ _________ 
Round 1  |  A-B   |         |         |   C-D   |   
Round 2  |        |   A-C   |         |         |   
Round 3  |        |         |   A-D   |         |   
Round 4  |        |         |   B-C   |         |   
Round 5  |        |   B-D   |         |         |   
Round 6  |  C-D   |         |         |         |   
 
*****VOLGENDE ITERATIE*****
pairs: [] & pairsUsed: [A-B, A-C, A-D, B-C, B-D, C-D]
doubles: [Ljava.lang.String;@16cdd72f & doublesUsed: [C-D]
currentGame: 3 & prevGame: [0, 1, 2, 2, 1, 0, 3]
currentRound: 4 & prevRound: [0, 1, 2, 3, 4, 5, 0]
TEMPBOARD: 
         | Game 1 |  Game 2 |  Game 3 |  Game 4 |  
_________ ________ _________ _________ _________ 
Round 1  |  A-B   |         |         |   C-D   |   
Round 2  |        |   A-C   |         |         |   
Round 3  |        |         |   A-D   |         |   
Round 4  |        |         |   B-C   |         |   
Round 5  |        |   B-D   |         |         |   
Round 6  |  C-D   |         |         |         |   
 
*****VOLGENDE ITERATIE*****
pairs: [] & pairsUsed: [A-B, A-C, A-D, B-C, B-D, C-D]
doubles: [Ljava.lang.String;@16cdd72f & doublesUsed: [C-D]
currentGame: 3 & prevGame: [0, 1, 2, 2, 1, 0, 3]
currentRound: 5 & prevRound: [0, 1, 2, 3, 4, 5, 0]
TEMPBOARD: 
         | Game 1 |  Game 2 |  Game 3 |  Game 4 |  
_________ ________ _________ _________ _________ 
Round 1  |  A-B   |         |         |   C-D   |   
Round 2  |        |   A-C   |         |         |   
Round 3  |        |         |   A-D   |         |   
Round 4  |        |         |   B-C   |         |   
Round 5  |        |   B-D   |         |         |   
Round 6  |  C-D   |         |         |         |   
 
*****VOLGENDE ITERATIE*****
pairs: [] & pairsUsed: [A-B, A-C, A-D, B-C, B-D, C-D]
doubles: [Ljava.lang.String;@16cdd72f & doublesUsed: [C-D, A-B]
currentGame: 0 & prevGame: [0, 1, 2, 2, 1, 0, 3, 3]
currentRound: 0 & prevRound: [0, 1, 2, 3, 4, 5, 0, 5]
TEMPBOARD: 
         | Game 1 |  Game 2 |  Game 3 |  Game 4 |  
_________ ________ _________ _________ _________ 
Round 1  |  A-B   |         |         |   C-D   |   
Round 2  |        |   A-C   |         |         |   
Round 3  |        |         |   A-D   |         |   
Round 4  |        |         |   B-C   |         |   
Round 5  |        |   B-D   |         |         |   
Round 6  |  C-D   |         |         |   A-B   |   
]]></system-out>
  <system-err><![CDATA[]]></system-err>
</testsuite>
